2015-07-09 13:05:45,262 [Worker-4] INFO  o.e.m.c.i.e.AbstractTransferListenerAdapter - Downloading https://repo.maven.apache.org/maven2/org/springframework/boot/spring-boot-starter-parent/1.2.5.RELEASE/spring-boot-starter-parent-1.2.5.RELEASE.pom
2015-07-09 13:05:45,337 [Worker-4] INFO  o.e.m.c.i.e.AbstractTransferListenerAdapter - Downloaded https://repo.maven.apache.org/maven2/org/springframework/boot/spring-boot-starter-parent/1.2.5.RELEASE/spring-boot-starter-parent-1.2.5.RELEASE.pom
2015-07-09 13:05:45,449 [Worker-4] INFO  o.e.m.c.i.e.AbstractTransferListenerAdapter - Downloading https://repo.maven.apache.org/maven2/org/springframework/boot/spring-boot-dependencies/1.2.5.RELEASE/spring-boot-dependencies-1.2.5.RELEASE.pom
2015-07-09 13:05:45,591 [Worker-4] INFO  o.e.m.c.i.e.AbstractTransferListenerAdapter - Downloaded https://repo.maven.apache.org/maven2/org/springframework/boot/spring-boot-dependencies/1.2.5.RELEASE/spring-boot-dependencies-1.2.5.RELEASE.pom
2015-07-09 13:05:45,704 [Worker-4] INFO  o.e.m.c.i.e.AbstractTransferListenerAdapter - Downloading https://repo.maven.apache.org/maven2/org/springframework/spring-framework-bom/4.1.7.RELEASE/spring-framework-bom-4.1.7.RELEASE.pom
2015-07-09 13:05:45,794 [Worker-4] INFO  o.e.m.c.i.e.AbstractTransferListenerAdapter - Downloaded https://repo.maven.apache.org/maven2/org/springframework/spring-framework-bom/4.1.7.RELEASE/spring-framework-bom-4.1.7.RELEASE.pom
2015-07-09 13:05:45,856 [Worker-4] INFO  o.e.m.c.i.e.AbstractTransferListenerAdapter - Downloading https://repo.maven.apache.org/maven2/org/springframework/data/spring-data-releasetrain/Evans-SR3/spring-data-releasetrain-Evans-SR3.pom
2015-07-09 13:05:45,906 [Worker-4] INFO  o.e.m.c.i.e.AbstractTransferListenerAdapter - Downloaded https://repo.maven.apache.org/maven2/org/springframework/data/spring-data-releasetrain/Evans-SR3/spring-data-releasetrain-Evans-SR3.pom
2015-07-09 13:05:45,962 [Worker-4] INFO  o.e.m.c.i.e.AbstractTransferListenerAdapter - Downloading https://repo.maven.apache.org/maven2/org/springframework/data/build/spring-data-build/1.5.3.RELEASE/spring-data-build-1.5.3.RELEASE.pom
2015-07-09 13:05:46,011 [Worker-4] INFO  o.e.m.c.i.e.AbstractTransferListenerAdapter - Downloaded https://repo.maven.apache.org/maven2/org/springframework/data/build/spring-data-build/1.5.3.RELEASE/spring-data-build-1.5.3.RELEASE.pom
2015-07-09 13:05:46,071 [Worker-4] INFO  o.e.m.c.i.e.AbstractTransferListenerAdapter - Downloading https://repo.maven.apache.org/maven2/org/springframework/integration/spring-integration-bom/4.1.5.RELEASE/spring-integration-bom-4.1.5.RELEASE.pom
2015-07-09 13:05:46,123 [Worker-4] INFO  o.e.m.c.i.e.AbstractTransferListenerAdapter - Downloaded https://repo.maven.apache.org/maven2/org/springframework/integration/spring-integration-bom/4.1.5.RELEASE/spring-integration-bom-4.1.5.RELEASE.pom
2015-07-09 13:05:46,181 [Worker-4] INFO  o.e.m.c.i.e.AbstractTransferListenerAdapter - Downloading https://repo.maven.apache.org/maven2/org/springframework/security/spring-security-bom/3.2.7.RELEASE/spring-security-bom-3.2.7.RELEASE.pom
2015-07-09 13:05:46,232 [Worker-4] INFO  o.e.m.c.i.e.AbstractTransferListenerAdapter - Downloaded https://repo.maven.apache.org/maven2/org/springframework/security/spring-security-bom/3.2.7.RELEASE/spring-security-bom-3.2.7.RELEASE.pom
2015-07-09 13:05:46,939 [Worker-4] INFO  o.e.m.c.i.e.AbstractTransferListenerAdapter - Downloading https://repo.maven.apache.org/maven2/org/springframework/boot/spring-boot-maven-plugin/1.2.5.RELEASE/spring-boot-maven-plugin-1.2.5.RELEASE.pom
2015-07-09 13:05:47,085 [Worker-4] INFO  o.e.m.c.i.e.AbstractTransferListenerAdapter - Downloaded https://repo.maven.apache.org/maven2/org/springframework/boot/spring-boot-maven-plugin/1.2.5.RELEASE/spring-boot-maven-plugin-1.2.5.RELEASE.pom
2015-07-09 13:05:47,146 [Worker-4] INFO  o.e.m.c.i.e.AbstractTransferListenerAdapter - Downloading https://repo.maven.apache.org/maven2/org/springframework/boot/spring-boot-tools/1.2.5.RELEASE/spring-boot-tools-1.2.5.RELEASE.pom
2015-07-09 13:05:47,195 [Worker-4] INFO  o.e.m.c.i.e.AbstractTransferListenerAdapter - Downloaded https://repo.maven.apache.org/maven2/org/springframework/boot/spring-boot-tools/1.2.5.RELEASE/spring-boot-tools-1.2.5.RELEASE.pom
2015-07-09 13:05:47,252 [Worker-4] INFO  o.e.m.c.i.e.AbstractTransferListenerAdapter - Downloading https://repo.maven.apache.org/maven2/org/springframework/boot/spring-boot-parent/1.2.5.RELEASE/spring-boot-parent-1.2.5.RELEASE.pom
2015-07-09 13:05:47,304 [Worker-4] INFO  o.e.m.c.i.e.AbstractTransferListenerAdapter - Downloaded https://repo.maven.apache.org/maven2/org/springframework/boot/spring-boot-parent/1.2.5.RELEASE/spring-boot-parent-1.2.5.RELEASE.pom
2015-07-09 13:05:47,410 [Worker-4] INFO  o.e.m.c.i.e.AbstractTransferListenerAdapter - Downloading https://repo.maven.apache.org/maven2/org/springframework/boot/spring-boot-maven-plugin/1.2.5.RELEASE/spring-boot-maven-plugin-1.2.5.RELEASE.jar
2015-07-09 13:05:47,499 [Worker-4] INFO  o.e.m.c.i.e.AbstractTransferListenerAdapter - Downloaded https://repo.maven.apache.org/maven2/org/springframework/boot/spring-boot-maven-plugin/1.2.5.RELEASE/spring-boot-maven-plugin-1.2.5.RELEASE.jar
2015-07-09 13:05:47,900 [Worker-4] INFO  o.e.m.c.i.e.AbstractTransferListenerAdapter - Downloading https://repo.maven.apache.org/maven2/org/apache/maven/plugins/maven-surefire-plugin/2.17/maven-surefire-plugin-2.17.jar
2015-07-09 13:05:47,969 [Worker-4] INFO  o.e.m.c.i.e.AbstractTransferListenerAdapter - Downloaded https://repo.maven.apache.org/maven2/org/apache/maven/plugins/maven-surefire-plugin/2.17/maven-surefire-plugin-2.17.jar
2015-07-09 13:05:48,076 [Worker-4] INFO  o.e.m.c.i.e.AbstractTransferListenerAdapter - Downloading https://repo.maven.apache.org/maven2/org/apache/maven/plugins/maven-jar-plugin/2.5/maven-jar-plugin-2.5.jar
2015-07-09 13:05:48,132 [Worker-4] INFO  o.e.m.c.i.e.AbstractTransferListenerAdapter - Downloaded https://repo.maven.apache.org/maven2/org/apache/maven/plugins/maven-jar-plugin/2.5/maven-jar-plugin-2.5.jar
2015-07-09 13:05:48,258 [Worker-4] INFO  o.e.m.c.i.e.AbstractTransferListenerAdapter - Downloading https://repo.maven.apache.org/maven2/org/apache/maven/plugins/maven-install-plugin/2.5.2/maven-install-plugin-2.5.2.jar
2015-07-09 13:05:48,330 [Worker-4] INFO  o.e.m.c.i.e.AbstractTransferListenerAdapter - Downloaded https://repo.maven.apache.org/maven2/org/apache/maven/plugins/maven-install-plugin/2.5.2/maven-install-plugin-2.5.2.jar
2015-07-09 13:05:48,426 [Worker-4] INFO  o.e.m.c.i.e.AbstractTransferListenerAdapter - Downloading https://repo.maven.apache.org/maven2/org/apache/maven/plugins/maven-deploy-plugin/2.8.2/maven-deploy-plugin-2.8.2.jar
2015-07-09 13:05:48,486 [Worker-4] INFO  o.e.m.c.i.e.AbstractTransferListenerAdapter - Downloaded https://repo.maven.apache.org/maven2/org/apache/maven/plugins/maven-deploy-plugin/2.8.2/maven-deploy-plugin-2.8.2.jar
2015-07-09 13:05:48,593 [Worker-4] INFO  o.e.m.c.i.e.AbstractTransferListenerAdapter - Downloading https://repo.maven.apache.org/maven2/org/apache/maven/plugins/maven-site-plugin/3.4/maven-site-plugin-3.4.jar
2015-07-09 13:05:48,734 [Worker-4] INFO  o.e.m.c.i.e.AbstractTransferListenerAdapter - Downloaded https://repo.maven.apache.org/maven2/org/apache/maven/plugins/maven-site-plugin/3.4/maven-site-plugin-3.4.jar
2015-07-09 13:05:50,006 [Worker-4] INFO  o.e.m.c.i.l.LifecycleMappingFactory - Using org.eclipse.m2e.jdt.JarLifecycleMapping lifecycle mapping for MavenProject: com.acme.data:jpa-tutorial:0.0.1-SNAPSHOT @ C:\Spring\jpa-tutorial\pom.xml.
2015-07-09 13:05:50,066 [Worker-4] INFO  o.e.m.c.i.e.AbstractTransferListenerAdapter - Downloading https://repo.maven.apache.org/maven2/org/springframework/boot/spring-boot-starter-actuator/1.2.5.RELEASE/spring-boot-starter-actuator-1.2.5.RELEASE.pom
2015-07-09 13:05:50,114 [Worker-4] INFO  o.e.m.c.i.e.AbstractTransferListenerAdapter - Downloaded https://repo.maven.apache.org/maven2/org/springframework/boot/spring-boot-starter-actuator/1.2.5.RELEASE/spring-boot-starter-actuator-1.2.5.RELEASE.pom
2015-07-09 13:05:50,169 [Worker-4] INFO  o.e.m.c.i.e.AbstractTransferListenerAdapter - Downloading https://repo.maven.apache.org/maven2/org/springframework/boot/spring-boot-starters/1.2.5.RELEASE/spring-boot-starters-1.2.5.RELEASE.pom
2015-07-09 13:05:50,217 [Worker-4] INFO  o.e.m.c.i.e.AbstractTransferListenerAdapter - Downloaded https://repo.maven.apache.org/maven2/org/springframework/boot/spring-boot-starters/1.2.5.RELEASE/spring-boot-starters-1.2.5.RELEASE.pom
2015-07-09 13:05:50,277 [Worker-4] INFO  o.e.m.c.i.e.AbstractTransferListenerAdapter - Downloading https://repo.maven.apache.org/maven2/org/springframework/boot/spring-boot-starter/1.2.5.RELEASE/spring-boot-starter-1.2.5.RELEASE.pom
2015-07-09 13:05:50,326 [Worker-4] INFO  o.e.m.c.i.e.AbstractTransferListenerAdapter - Downloaded https://repo.maven.apache.org/maven2/org/springframework/boot/spring-boot-starter/1.2.5.RELEASE/spring-boot-starter-1.2.5.RELEASE.pom
2015-07-09 13:05:50,385 [Worker-4] INFO  o.e.m.c.i.e.AbstractTransferListenerAdapter - Downloading https://repo.maven.apache.org/maven2/org/springframework/boot/spring-boot/1.2.5.RELEASE/spring-boot-1.2.5.RELEASE.pom
2015-07-09 13:05:50,436 [Worker-4] INFO  o.e.m.c.i.e.AbstractTransferListenerAdapter - Downloaded https://repo.maven.apache.org/maven2/org/springframework/boot/spring-boot/1.2.5.RELEASE/spring-boot-1.2.5.RELEASE.pom
2015-07-09 13:05:50,544 [Worker-4] INFO  o.e.m.c.i.e.AbstractTransferListenerAdapter - Downloading https://repo.maven.apache.org/maven2/org/springframework/boot/spring-boot-autoconfigure/1.2.5.RELEASE/spring-boot-autoconfigure-1.2.5.RELEASE.pom
2015-07-09 13:05:50,594 [Worker-4] INFO  o.e.m.c.i.e.AbstractTransferListenerAdapter - Downloaded https://repo.maven.apache.org/maven2/org/springframework/boot/spring-boot-autoconfigure/1.2.5.RELEASE/spring-boot-autoconfigure-1.2.5.RELEASE.pom
2015-07-09 13:05:50,661 [Worker-4] INFO  o.e.m.c.i.e.AbstractTransferListenerAdapter - Downloading https://repo.maven.apache.org/maven2/org/yaml/snakeyaml/1.14/snakeyaml-1.14.pom
2015-07-09 13:05:50,714 [Worker-4] INFO  o.e.m.c.i.e.AbstractTransferListenerAdapter - Downloaded https://repo.maven.apache.org/maven2/org/yaml/snakeyaml/1.14/snakeyaml-1.14.pom
2015-07-09 13:05:50,774 [Worker-4] INFO  o.e.m.c.i.e.AbstractTransferListenerAdapter - Downloading https://repo.maven.apache.org/maven2/org/springframework/boot/spring-boot-starter-logging/1.2.5.RELEASE/spring-boot-starter-logging-1.2.5.RELEASE.pom
2015-07-09 13:05:50,831 [Worker-4] INFO  o.e.m.c.i.e.AbstractTransferListenerAdapter - Downloaded https://repo.maven.apache.org/maven2/org/springframework/boot/spring-boot-starter-logging/1.2.5.RELEASE/spring-boot-starter-logging-1.2.5.RELEASE.pom
2015-07-09 13:05:50,897 [Worker-4] INFO  o.e.m.c.i.e.AbstractTransferListenerAdapter - Downloading https://repo.maven.apache.org/maven2/org/slf4j/jcl-over-slf4j/1.7.12/jcl-over-slf4j-1.7.12.pom
2015-07-09 13:05:50,946 [Worker-4] INFO  o.e.m.c.i.e.AbstractTransferListenerAdapter - Downloaded https://repo.maven.apache.org/maven2/org/slf4j/jcl-over-slf4j/1.7.12/jcl-over-slf4j-1.7.12.pom
2015-07-09 13:05:51,014 [Worker-4] INFO  o.e.m.c.i.e.AbstractTransferListenerAdapter - Downloading https://repo.maven.apache.org/maven2/org/slf4j/jul-to-slf4j/1.7.12/jul-to-slf4j-1.7.12.pom
2015-07-09 13:05:51,063 [Worker-4] INFO  o.e.m.c.i.e.AbstractTransferListenerAdapter - Downloaded https://repo.maven.apache.org/maven2/org/slf4j/jul-to-slf4j/1.7.12/jul-to-slf4j-1.7.12.pom
2015-07-09 13:05:51,120 [Worker-4] INFO  o.e.m.c.i.e.AbstractTransferListenerAdapter - Downloading https://repo.maven.apache.org/maven2/org/slf4j/log4j-over-slf4j/1.7.12/log4j-over-slf4j-1.7.12.pom
2015-07-09 13:05:51,189 [Worker-4] INFO  o.e.m.c.i.e.AbstractTransferListenerAdapter - Downloaded https://repo.maven.apache.org/maven2/org/slf4j/log4j-over-slf4j/1.7.12/log4j-over-slf4j-1.7.12.pom
2015-07-09 13:05:51,331 [Worker-4] INFO  o.e.m.c.i.e.AbstractTransferListenerAdapter - Downloading https://repo.maven.apache.org/maven2/org/springframework/boot/spring-boot-actuator/1.2.5.RELEASE/spring-boot-actuator-1.2.5.RELEASE.pom
2015-07-09 13:05:51,380 [Worker-4] INFO  o.e.m.c.i.e.AbstractTransferListenerAdapter - Downloaded https://repo.maven.apache.org/maven2/org/springframework/boot/spring-boot-actuator/1.2.5.RELEASE/spring-boot-actuator-1.2.5.RELEASE.pom
2015-07-09 13:05:51,446 [Worker-4] INFO  o.e.m.c.i.e.AbstractTransferListenerAdapter - Downloading https://repo.maven.apache.org/maven2/com/fasterxml/jackson/core/jackson-databind/2.4.6/jackson-databind-2.4.6.pom
2015-07-09 13:05:51,496 [Worker-4] INFO  o.e.m.c.i.e.AbstractTransferListenerAdapter - Downloaded https://repo.maven.apache.org/maven2/com/fasterxml/jackson/core/jackson-databind/2.4.6/jackson-databind-2.4.6.pom
2015-07-09 13:05:51,556 [Worker-4] INFO  o.e.m.c.i.e.AbstractTransferListenerAdapter - Downloading https://repo.maven.apache.org/maven2/com/fasterxml/jackson/jackson-parent/2.4/jackson-parent-2.4.pom
2015-07-09 13:05:51,606 [Worker-4] INFO  o.e.m.c.i.e.AbstractTransferListenerAdapter - Downloaded https://repo.maven.apache.org/maven2/com/fasterxml/jackson/jackson-parent/2.4/jackson-parent-2.4.pom
2015-07-09 13:05:51,668 [Worker-4] INFO  o.e.m.c.i.e.AbstractTransferListenerAdapter - Downloading https://repo.maven.apache.org/maven2/com/fasterxml/oss-parent/16/oss-parent-16.pom
2015-07-09 13:05:51,720 [Worker-4] INFO  o.e.m.c.i.e.AbstractTransferListenerAdapter - Downloaded https://repo.maven.apache.org/maven2/com/fasterxml/oss-parent/16/oss-parent-16.pom
2015-07-09 13:05:51,779 [Worker-4] INFO  o.e.m.c.i.e.AbstractTransferListenerAdapter - Downloading https://repo.maven.apache.org/maven2/com/fasterxml/jackson/core/jackson-annotations/2.4.6/jackson-annotations-2.4.6.pom
2015-07-09 13:05:51,827 [Worker-4] INFO  o.e.m.c.i.e.AbstractTransferListenerAdapter - Downloaded https://repo.maven.apache.org/maven2/com/fasterxml/jackson/core/jackson-annotations/2.4.6/jackson-annotations-2.4.6.pom
2015-07-09 13:05:51,898 [Worker-4] INFO  o.e.m.c.i.e.AbstractTransferListenerAdapter - Downloading https://repo.maven.apache.org/maven2/com/fasterxml/jackson/core/jackson-core/2.4.6/jackson-core-2.4.6.pom
2015-07-09 13:05:51,949 [Worker-4] INFO  o.e.m.c.i.e.AbstractTransferListenerAdapter - Downloaded https://repo.maven.apache.org/maven2/com/fasterxml/jackson/core/jackson-core/2.4.6/jackson-core-2.4.6.pom
2015-07-09 13:05:52,008 [Worker-4] INFO  o.e.m.c.i.e.AbstractTransferListenerAdapter - Downloading https://repo.maven.apache.org/maven2/org/springframework/boot/spring-boot-starter-data-jpa/1.2.5.RELEASE/spring-boot-starter-data-jpa-1.2.5.RELEASE.pom
2015-07-09 13:05:52,059 [Worker-4] INFO  o.e.m.c.i.e.AbstractTransferListenerAdapter - Downloaded https://repo.maven.apache.org/maven2/org/springframework/boot/spring-boot-starter-data-jpa/1.2.5.RELEASE/spring-boot-starter-data-jpa-1.2.5.RELEASE.pom
2015-07-09 13:05:52,123 [Worker-4] INFO  o.e.m.c.i.e.AbstractTransferListenerAdapter - Downloading https://repo.maven.apache.org/maven2/org/springframework/boot/spring-boot-starter-aop/1.2.5.RELEASE/spring-boot-starter-aop-1.2.5.RELEASE.pom
2015-07-09 13:05:52,173 [Worker-4] INFO  o.e.m.c.i.e.AbstractTransferListenerAdapter - Downloaded https://repo.maven.apache.org/maven2/org/springframework/boot/spring-boot-starter-aop/1.2.5.RELEASE/spring-boot-starter-aop-1.2.5.RELEASE.pom
2015-07-09 13:05:52,241 [Worker-4] INFO  o.e.m.c.i.e.AbstractTransferListenerAdapter - Downloading https://repo.maven.apache.org/maven2/org/aspectj/aspectjrt/1.8.6/aspectjrt-1.8.6.pom
2015-07-09 13:05:52,290 [Worker-4] INFO  o.e.m.c.i.e.AbstractTransferListenerAdapter - Downloaded https://repo.maven.apache.org/maven2/org/aspectj/aspectjrt/1.8.6/aspectjrt-1.8.6.pom
2015-07-09 13:05:52,345 [Worker-4] INFO  o.e.m.c.i.e.AbstractTransferListenerAdapter - Downloading https://repo.maven.apache.org/maven2/org/aspectj/aspectjweaver/1.8.6/aspectjweaver-1.8.6.pom
2015-07-09 13:05:52,394 [Worker-4] INFO  o.e.m.c.i.e.AbstractTransferListenerAdapter - Downloaded https://repo.maven.apache.org/maven2/org/aspectj/aspectjweaver/1.8.6/aspectjweaver-1.8.6.pom
2015-07-09 13:05:52,454 [Worker-4] INFO  o.e.m.c.i.e.AbstractTransferListenerAdapter - Downloading https://repo.maven.apache.org/maven2/org/springframework/boot/spring-boot-starter-jdbc/1.2.5.RELEASE/spring-boot-starter-jdbc-1.2.5.RELEASE.pom
2015-07-09 13:05:52,505 [Worker-4] INFO  o.e.m.c.i.e.AbstractTransferListenerAdapter - Downloaded https://repo.maven.apache.org/maven2/org/springframework/boot/spring-boot-starter-jdbc/1.2.5.RELEASE/spring-boot-starter-jdbc-1.2.5.RELEASE.pom
2015-07-09 13:05:52,591 [Worker-4] INFO  o.e.m.c.i.e.AbstractTransferListenerAdapter - Downloading https://repo.maven.apache.org/maven2/org/apache/tomcat/tomcat-jdbc/8.0.23/tomcat-jdbc-8.0.23.pom
2015-07-09 13:05:52,642 [Worker-4] INFO  o.e.m.c.i.e.AbstractTransferListenerAdapter - Downloaded https://repo.maven.apache.org/maven2/org/apache/tomcat/tomcat-jdbc/8.0.23/tomcat-jdbc-8.0.23.pom
2015-07-09 13:05:52,700 [Worker-4] INFO  o.e.m.c.i.e.AbstractTransferListenerAdapter - Downloading https://repo.maven.apache.org/maven2/org/apache/tomcat/tomcat-juli/8.0.23/tomcat-juli-8.0.23.pom
2015-07-09 13:05:52,751 [Worker-4] INFO  o.e.m.c.i.e.AbstractTransferListenerAdapter - Downloaded https://repo.maven.apache.org/maven2/org/apache/tomcat/tomcat-juli/8.0.23/tomcat-juli-8.0.23.pom
2015-07-09 13:05:52,808 [Worker-4] INFO  o.e.m.c.i.e.AbstractTransferListenerAdapter - Downloading https://repo.maven.apache.org/maven2/org/hibernate/hibernate-entitymanager/4.3.10.Final/hibernate-entitymanager-4.3.10.Final.pom
2015-07-09 13:05:52,873 [Worker-4] INFO  o.e.m.c.i.e.AbstractTransferListenerAdapter - Downloaded https://repo.maven.apache.org/maven2/org/hibernate/hibernate-entitymanager/4.3.10.Final/hibernate-entitymanager-4.3.10.Final.pom
2015-07-09 13:05:53,083 [Worker-4] INFO  o.e.m.c.i.e.AbstractTransferListenerAdapter - Downloading https://repo.maven.apache.org/maven2/org/hibernate/hibernate-core/4.3.10.Final/hibernate-core-4.3.10.Final.pom
2015-07-09 13:05:53,137 [Worker-4] INFO  o.e.m.c.i.e.AbstractTransferListenerAdapter - Downloaded https://repo.maven.apache.org/maven2/org/hibernate/hibernate-core/4.3.10.Final/hibernate-core-4.3.10.Final.pom
2015-07-09 13:05:54,414 [Worker-4] INFO  o.e.m.c.i.e.AbstractTransferListenerAdapter - Downloading https://repo.maven.apache.org/maven2/javax/transaction/javax.transaction-api/1.2/javax.transaction-api-1.2.pom
2015-07-09 13:05:54,492 [Worker-4] INFO  o.e.m.c.i.e.AbstractTransferListenerAdapter - Downloaded https://repo.maven.apache.org/maven2/javax/transaction/javax.transaction-api/1.2/javax.transaction-api-1.2.pom
2015-07-09 13:05:54,588 [Worker-4] INFO  o.e.m.c.i.e.AbstractTransferListenerAdapter - Downloading https://repo.maven.apache.org/maven2/net/java/jvnet-parent/3/jvnet-parent-3.pom
2015-07-09 13:05:54,638 [Worker-4] INFO  o.e.m.c.i.e.AbstractTransferListenerAdapter - Downloaded https://repo.maven.apache.org/maven2/net/java/jvnet-parent/3/jvnet-parent-3.pom
2015-07-09 13:05:54,696 [Worker-4] INFO  o.e.m.c.i.e.AbstractTransferListenerAdapter - Downloading https://repo.maven.apache.org/maven2/org/springframework/spring-orm/4.1.7.RELEASE/spring-orm-4.1.7.RELEASE.pom
2015-07-09 13:05:54,747 [Worker-4] INFO  o.e.m.c.i.e.AbstractTransferListenerAdapter - Downloaded https://repo.maven.apache.org/maven2/org/springframework/spring-orm/4.1.7.RELEASE/spring-orm-4.1.7.RELEASE.pom
2015-07-09 13:05:54,850 [Worker-4] INFO  o.e.m.c.i.e.AbstractTransferListenerAdapter - Downloading https://repo.maven.apache.org/maven2/org/springframework/data/spring-data-jpa/1.7.3.RELEASE/spring-data-jpa-1.7.3.RELEASE.pom
2015-07-09 13:05:54,900 [Worker-4] INFO  o.e.m.c.i.e.AbstractTransferListenerAdapter - Downloaded https://repo.maven.apache.org/maven2/org/springframework/data/spring-data-jpa/1.7.3.RELEASE/spring-data-jpa-1.7.3.RELEASE.pom
2015-07-09 13:05:54,964 [Worker-4] INFO  o.e.m.c.i.e.AbstractTransferListenerAdapter - Downloading https://repo.maven.apache.org/maven2/org/springframework/data/build/spring-data-parent/1.5.3.RELEASE/spring-data-parent-1.5.3.RELEASE.pom
2015-07-09 13:05:55,055 [Worker-4] INFO  o.e.m.c.i.e.AbstractTransferListenerAdapter - Downloaded https://repo.maven.apache.org/maven2/org/springframework/data/build/spring-data-parent/1.5.3.RELEASE/spring-data-parent-1.5.3.RELEASE.pom
2015-07-09 13:05:55,122 [Worker-4] INFO  o.e.m.c.i.e.AbstractTransferListenerAdapter - Downloading https://repo.maven.apache.org/maven2/org/springframework/spring-framework-bom/4.0.9.RELEASE/spring-framework-bom-4.0.9.RELEASE.pom
2015-07-09 13:05:55,192 [Worker-4] INFO  o.e.m.c.i.e.AbstractTransferListenerAdapter - Downloaded https://repo.maven.apache.org/maven2/org/springframework/spring-framework-bom/4.0.9.RELEASE/spring-framework-bom-4.0.9.RELEASE.pom
2015-07-09 13:05:55,251 [Worker-4] INFO  o.e.m.c.i.e.AbstractTransferListenerAdapter - Downloading https://repo.maven.apache.org/maven2/org/springframework/data/spring-data-commons/1.9.3.RELEASE/spring-data-commons-1.9.3.RELEASE.pom
2015-07-09 13:05:55,300 [Worker-4] INFO  o.e.m.c.i.e.AbstractTransferListenerAdapter - Downloaded https://repo.maven.apache.org/maven2/org/springframework/data/spring-data-commons/1.9.3.RELEASE/spring-data-commons-1.9.3.RELEASE.pom
2015-07-09 13:05:55,361 [Worker-4] INFO  o.e.m.c.i.e.AbstractTransferListenerAdapter - Downloading https://repo.maven.apache.org/maven2/org/springframework/spring-aspects/4.1.7.RELEASE/spring-aspects-4.1.7.RELEASE.pom
2015-07-09 13:05:55,414 [Worker-4] INFO  o.e.m.c.i.e.AbstractTransferListenerAdapter - Downloaded https://repo.maven.apache.org/maven2/org/springframework/spring-aspects/4.1.7.RELEASE/spring-aspects-4.1.7.RELEASE.pom
2015-07-09 13:05:55,473 [Worker-4] INFO  o.e.m.c.i.e.AbstractTransferListenerAdapter - Downloading https://repo.maven.apache.org/maven2/org/springframework/boot/spring-boot-starter-data-rest/1.2.5.RELEASE/spring-boot-starter-data-rest-1.2.5.RELEASE.pom
2015-07-09 13:05:55,521 [Worker-4] INFO  o.e.m.c.i.e.AbstractTransferListenerAdapter - Downloaded https://repo.maven.apache.org/maven2/org/springframework/boot/spring-boot-starter-data-rest/1.2.5.RELEASE/spring-boot-starter-data-rest-1.2.5.RELEASE.pom
2015-07-09 13:05:55,582 [Worker-4] INFO  o.e.m.c.i.e.AbstractTransferListenerAdapter - Downloading https://repo.maven.apache.org/maven2/org/springframework/boot/spring-boot-starter-web/1.2.5.RELEASE/spring-boot-starter-web-1.2.5.RELEASE.pom
2015-07-09 13:05:55,634 [Worker-4] INFO  o.e.m.c.i.e.AbstractTransferListenerAdapter - Downloaded https://repo.maven.apache.org/maven2/org/springframework/boot/spring-boot-starter-web/1.2.5.RELEASE/spring-boot-starter-web-1.2.5.RELEASE.pom
2015-07-09 13:05:55,695 [Worker-4] INFO  o.e.m.c.i.e.AbstractTransferListenerAdapter - Downloading https://repo.maven.apache.org/maven2/org/springframework/boot/spring-boot-starter-tomcat/1.2.5.RELEASE/spring-boot-starter-tomcat-1.2.5.RELEASE.pom
2015-07-09 13:05:55,746 [Worker-4] INFO  o.e.m.c.i.e.AbstractTransferListenerAdapter - Downloaded https://repo.maven.apache.org/maven2/org/springframework/boot/spring-boot-starter-tomcat/1.2.5.RELEASE/spring-boot-starter-tomcat-1.2.5.RELEASE.pom
2015-07-09 13:05:55,807 [Worker-4] INFO  o.e.m.c.i.e.AbstractTransferListenerAdapter - Downloading https://repo.maven.apache.org/maven2/org/apache/tomcat/embed/tomcat-embed-core/8.0.23/tomcat-embed-core-8.0.23.pom
2015-07-09 13:05:55,863 [Worker-4] INFO  o.e.m.c.i.e.AbstractTransferListenerAdapter - Downloaded https://repo.maven.apache.org/maven2/org/apache/tomcat/embed/tomcat-embed-core/8.0.23/tomcat-embed-core-8.0.23.pom
2015-07-09 13:05:55,919 [Worker-4] INFO  o.e.m.c.i.e.AbstractTransferListenerAdapter - Downloading https://repo.maven.apache.org/maven2/org/apache/tomcat/embed/tomcat-embed-el/8.0.23/tomcat-embed-el-8.0.23.pom
2015-07-09 13:05:55,967 [Worker-4] INFO  o.e.m.c.i.e.AbstractTransferListenerAdapter - Downloaded https://repo.maven.apache.org/maven2/org/apache/tomcat/embed/tomcat-embed-el/8.0.23/tomcat-embed-el-8.0.23.pom
2015-07-09 13:05:56,024 [Worker-4] INFO  o.e.m.c.i.e.AbstractTransferListenerAdapter - Downloading https://repo.maven.apache.org/maven2/org/apache/tomcat/embed/tomcat-embed-logging-juli/8.0.23/tomcat-embed-logging-juli-8.0.23.pom
2015-07-09 13:05:56,072 [Worker-4] INFO  o.e.m.c.i.e.AbstractTransferListenerAdapter - Downloaded https://repo.maven.apache.org/maven2/org/apache/tomcat/embed/tomcat-embed-logging-juli/8.0.23/tomcat-embed-logging-juli-8.0.23.pom
2015-07-09 13:05:56,126 [Worker-4] INFO  o.e.m.c.i.e.AbstractTransferListenerAdapter - Downloading https://repo.maven.apache.org/maven2/org/apache/tomcat/embed/tomcat-embed-websocket/8.0.23/tomcat-embed-websocket-8.0.23.pom
2015-07-09 13:05:56,174 [Worker-4] INFO  o.e.m.c.i.e.AbstractTransferListenerAdapter - Downloaded https://repo.maven.apache.org/maven2/org/apache/tomcat/embed/tomcat-embed-websocket/8.0.23/tomcat-embed-websocket-8.0.23.pom
2015-07-09 13:05:56,235 [Worker-4] INFO  o.e.m.c.i.e.AbstractTransferListenerAdapter - Downloading https://repo.maven.apache.org/maven2/org/hibernate/hibernate-validator/5.1.3.Final/hibernate-validator-5.1.3.Final.pom
2015-07-09 13:05:56,311 [Worker-4] INFO  o.e.m.c.i.e.AbstractTransferListenerAdapter - Downloaded https://repo.maven.apache.org/maven2/org/hibernate/hibernate-validator/5.1.3.Final/hibernate-validator-5.1.3.Final.pom
2015-07-09 13:05:56,374 [Worker-4] INFO  o.e.m.c.i.e.AbstractTransferListenerAdapter - Downloading https://repo.maven.apache.org/maven2/org/hibernate/hibernate-validator-parent/5.1.3.Final/hibernate-validator-parent-5.1.3.Final.pom
2015-07-09 13:05:56,475 [Worker-4] INFO  o.e.m.c.i.e.AbstractTransferListenerAdapter - Downloaded https://repo.maven.apache.org/maven2/org/hibernate/hibernate-validator-parent/5.1.3.Final/hibernate-validator-parent-5.1.3.Final.pom
2015-07-09 13:05:56,539 [Worker-4] INFO  o.e.m.c.i.e.AbstractTransferListenerAdapter - Downloading https://repo.maven.apache.org/maven2/org/jboss/arquillian/arquillian-bom/1.0.2.Final/arquillian-bom-1.0.2.Final.pom
2015-07-09 13:05:56,590 [Worker-4] INFO  o.e.m.c.i.e.AbstractTransferListenerAdapter - Downloaded https://repo.maven.apache.org/maven2/org/jboss/arquillian/arquillian-bom/1.0.2.Final/arquillian-bom-1.0.2.Final.pom
2015-07-09 13:05:56,897 [Worker-4] INFO  o.e.m.c.i.e.AbstractTransferListenerAdapter - Downloaded http://repo.spring.io/ext-release-local/org/jboss/shrinkwrap/shrinkwrap-bom/1.0.1/shrinkwrap-bom-1.0.1.pom
2015-07-09 13:05:57,186 [Worker-4] INFO  o.e.m.c.i.e.AbstractTransferListenerAdapter - Downloaded http://repo.spring.io/milestone/org/jboss/shrinkwrap/shrinkwrap-bom/1.0.1/shrinkwrap-bom-1.0.1.pom
2015-07-09 13:05:57,467 [Worker-4] INFO  o.e.m.c.i.e.AbstractTransferListenerAdapter - Downloaded http://repo.spring.io/snapshot/org/jboss/shrinkwrap/shrinkwrap-bom/1.0.1/shrinkwrap-bom-1.0.1.pom
2015-07-09 13:05:57,515 [Worker-4] INFO  o.e.m.c.i.e.AbstractTransferListenerAdapter - Downloading https://repo.maven.apache.org/maven2/org/jboss/shrinkwrap/shrinkwrap-bom/1.0.1/shrinkwrap-bom-1.0.1.pom
2015-07-09 13:05:57,563 [Worker-4] INFO  o.e.m.c.i.e.AbstractTransferListenerAdapter - Downloaded https://repo.maven.apache.org/maven2/org/jboss/shrinkwrap/shrinkwrap-bom/1.0.1/shrinkwrap-bom-1.0.1.pom
2015-07-09 13:05:57,852 [Worker-4] INFO  o.e.m.c.i.e.AbstractTransferListenerAdapter - Downloaded http://repo.spring.io/ext-release-local/org/jboss/shrinkwrap/resolver/shrinkwrap-resolver-bom/1.0.0-beta-7/shrinkwrap-resolver-bom-1.0.0-beta-7.pom
2015-07-09 13:05:58,132 [Worker-4] INFO  o.e.m.c.i.e.AbstractTransferListenerAdapter - Downloaded http://repo.spring.io/milestone/org/jboss/shrinkwrap/resolver/shrinkwrap-resolver-bom/1.0.0-beta-7/shrinkwrap-resolver-bom-1.0.0-beta-7.pom
2015-07-09 13:05:58,414 [Worker-4] INFO  o.e.m.c.i.e.AbstractTransferListenerAdapter - Downloaded http://repo.spring.io/snapshot/org/jboss/shrinkwrap/resolver/shrinkwrap-resolver-bom/1.0.0-beta-7/shrinkwrap-resolver-bom-1.0.0-beta-7.pom
2015-07-09 13:05:58,464 [Worker-4] INFO  o.e.m.c.i.e.AbstractTransferListenerAdapter - Downloading https://repo.maven.apache.org/maven2/org/jboss/shrinkwrap/resolver/shrinkwrap-resolver-bom/1.0.0-beta-7/shrinkwrap-resolver-bom-1.0.0-beta-7.pom
2015-07-09 13:05:58,515 [Worker-4] INFO  o.e.m.c.i.e.AbstractTransferListenerAdapter - Downloaded https://repo.maven.apache.org/maven2/org/jboss/shrinkwrap/resolver/shrinkwrap-resolver-bom/1.0.0-beta-7/shrinkwrap-resolver-bom-1.0.0-beta-7.pom
2015-07-09 13:05:58,810 [Worker-4] INFO  o.e.m.c.i.e.AbstractTransferListenerAdapter - Downloaded http://repo.spring.io/ext-release-local/org/jboss/shrinkwrap/descriptors/shrinkwrap-descriptors-bom/2.0.0-alpha-3/shrinkwrap-descriptors-bom-2.0.0-alpha-3.pom
2015-07-09 13:05:59,091 [Worker-4] INFO  o.e.m.c.i.e.AbstractTransferListenerAdapter - Downloaded http://repo.spring.io/milestone/org/jboss/shrinkwrap/descriptors/shrinkwrap-descriptors-bom/2.0.0-alpha-3/shrinkwrap-descriptors-bom-2.0.0-alpha-3.pom
2015-07-09 13:05:59,364 [Worker-4] INFO  o.e.m.c.i.e.AbstractTransferListenerAdapter - Downloaded http://repo.spring.io/snapshot/org/jboss/shrinkwrap/descriptors/shrinkwrap-descriptors-bom/2.0.0-alpha-3/shrinkwrap-descriptors-bom-2.0.0-alpha-3.pom
2015-07-09 13:05:59,413 [Worker-4] INFO  o.e.m.c.i.e.AbstractTransferListenerAdapter - Downloading https://repo.maven.apache.org/maven2/org/jboss/shrinkwrap/descriptors/shrinkwrap-descriptors-bom/2.0.0-alpha-3/shrinkwrap-descriptors-bom-2.0.0-alpha-3.pom
2015-07-09 13:05:59,474 [Worker-4] INFO  o.e.m.c.i.e.AbstractTransferListenerAdapter - Downloaded https://repo.maven.apache.org/maven2/org/jboss/shrinkwrap/descriptors/shrinkwrap-descriptors-bom/2.0.0-alpha-3/shrinkwrap-descriptors-bom-2.0.0-alpha-3.pom
2015-07-09 13:05:59,533 [Worker-4] INFO  o.e.m.c.i.e.AbstractTransferListenerAdapter - Downloading https://repo.maven.apache.org/maven2/javax/validation/validation-api/1.1.0.Final/validation-api-1.1.0.Final.pom
2015-07-09 13:05:59,602 [Worker-4] INFO  o.e.m.c.i.e.AbstractTransferListenerAdapter - Downloaded https://repo.maven.apache.org/maven2/javax/validation/validation-api/1.1.0.Final/validation-api-1.1.0.Final.pom
2015-07-09 13:05:59,665 [Worker-4] INFO  o.e.m.c.i.e.AbstractTransferListenerAdapter - Downloading https://repo.maven.apache.org/maven2/com/fasterxml/classmate/1.0.0/classmate-1.0.0.pom
2015-07-09 13:05:59,716 [Worker-4] INFO  o.e.m.c.i.e.AbstractTransferListenerAdapter - Downloaded https://repo.maven.apache.org/maven2/com/fasterxml/classmate/1.0.0/classmate-1.0.0.pom
2015-07-09 13:05:59,780 [Worker-4] INFO  o.e.m.c.i.e.AbstractTransferListenerAdapter - Downloading https://repo.maven.apache.org/maven2/org/springframework/spring-web/4.1.7.RELEASE/spring-web-4.1.7.RELEASE.pom
2015-07-09 13:05:59,830 [Worker-4] INFO  o.e.m.c.i.e.AbstractTransferListenerAdapter - Downloaded https://repo.maven.apache.org/maven2/org/springframework/spring-web/4.1.7.RELEASE/spring-web-4.1.7.RELEASE.pom
2015-07-09 13:05:59,891 [Worker-4] INFO  o.e.m.c.i.e.AbstractTransferListenerAdapter - Downloading https://repo.maven.apache.org/maven2/org/springframework/spring-webmvc/4.1.7.RELEASE/spring-webmvc-4.1.7.RELEASE.pom
2015-07-09 13:05:59,963 [Worker-4] INFO  o.e.m.c.i.e.AbstractTransferListenerAdapter - Downloaded https://repo.maven.apache.org/maven2/org/springframework/spring-webmvc/4.1.7.RELEASE/spring-webmvc-4.1.7.RELEASE.pom
2015-07-09 13:06:00,024 [Worker-4] INFO  o.e.m.c.i.e.AbstractTransferListenerAdapter - Downloading https://repo.maven.apache.org/maven2/org/springframework/data/spring-data-rest-webmvc/2.2.3.RELEASE/spring-data-rest-webmvc-2.2.3.RELEASE.pom
2015-07-09 13:06:00,072 [Worker-4] INFO  o.e.m.c.i.e.AbstractTransferListenerAdapter - Downloaded https://repo.maven.apache.org/maven2/org/springframework/data/spring-data-rest-webmvc/2.2.3.RELEASE/spring-data-rest-webmvc-2.2.3.RELEASE.pom
2015-07-09 13:06:00,127 [Worker-4] INFO  o.e.m.c.i.e.AbstractTransferListenerAdapter - Downloading https://repo.maven.apache.org/maven2/org/springframework/data/spring-data-rest-parent/2.2.3.RELEASE/spring-data-rest-parent-2.2.3.RELEASE.pom
2015-07-09 13:06:00,178 [Worker-4] INFO  o.e.m.c.i.e.AbstractTransferListenerAdapter - Downloaded https://repo.maven.apache.org/maven2/org/springframework/data/spring-data-rest-parent/2.2.3.RELEASE/spring-data-rest-parent-2.2.3.RELEASE.pom
2015-07-09 13:06:00,235 [Worker-4] INFO  o.e.m.c.i.e.AbstractTransferListenerAdapter - Downloading https://repo.maven.apache.org/maven2/org/springframework/data/spring-data-rest-core/2.2.3.RELEASE/spring-data-rest-core-2.2.3.RELEASE.pom
2015-07-09 13:06:00,282 [Worker-4] INFO  o.e.m.c.i.e.AbstractTransferListenerAdapter - Downloaded https://repo.maven.apache.org/maven2/org/springframework/data/spring-data-rest-core/2.2.3.RELEASE/spring-data-rest-core-2.2.3.RELEASE.pom
2015-07-09 13:06:00,341 [Worker-4] INFO  o.e.m.c.i.e.AbstractTransferListenerAdapter - Downloading https://repo.maven.apache.org/maven2/org/springframework/hateoas/spring-hateoas/0.16.0.RELEASE/spring-hateoas-0.16.0.RELEASE.pom
2015-07-09 13:06:00,402 [Worker-4] INFO  o.e.m.c.i.e.AbstractTransferListenerAdapter - Downloaded https://repo.maven.apache.org/maven2/org/springframework/hateoas/spring-hateoas/0.16.0.RELEASE/spring-hateoas-0.16.0.RELEASE.pom
2015-07-09 13:06:00,461 [Worker-4] INFO  o.e.m.c.i.e.AbstractTransferListenerAdapter - Downloading https://repo.maven.apache.org/maven2/org/objenesis/objenesis/2.1/objenesis-2.1.pom
2015-07-09 13:06:00,509 [Worker-4] INFO  o.e.m.c.i.e.AbstractTransferListenerAdapter - Downloaded https://repo.maven.apache.org/maven2/org/objenesis/objenesis/2.1/objenesis-2.1.pom
2015-07-09 13:06:00,568 [Worker-4] INFO  o.e.m.c.i.e.AbstractTransferListenerAdapter - Downloading https://repo.maven.apache.org/maven2/org/objenesis/objenesis-parent/2.1/objenesis-parent-2.1.pom
2015-07-09 13:06:00,620 [Worker-4] INFO  o.e.m.c.i.e.AbstractTransferListenerAdapter - Downloaded https://repo.maven.apache.org/maven2/org/objenesis/objenesis-parent/2.1/objenesis-parent-2.1.pom
2015-07-09 13:06:00,676 [Worker-4] INFO  o.e.m.c.i.e.AbstractTransferListenerAdapter - Downloading https://repo.maven.apache.org/maven2/org/springframework/plugin/spring-plugin-core/1.1.0.RELEASE/spring-plugin-core-1.1.0.RELEASE.pom
2015-07-09 13:06:00,727 [Worker-4] INFO  o.e.m.c.i.e.AbstractTransferListenerAdapter - Downloaded https://repo.maven.apache.org/maven2/org/springframework/plugin/spring-plugin-core/1.1.0.RELEASE/spring-plugin-core-1.1.0.RELEASE.pom
2015-07-09 13:06:00,782 [Worker-4] INFO  o.e.m.c.i.e.AbstractTransferListenerAdapter - Downloading https://repo.maven.apache.org/maven2/org/springframework/plugin/spring-plugin/1.1.0.RELEASE/spring-plugin-1.1.0.RELEASE.pom
2015-07-09 13:06:00,845 [Worker-4] INFO  o.e.m.c.i.e.AbstractTransferListenerAdapter - Downloaded https://repo.maven.apache.org/maven2/org/springframework/plugin/spring-plugin/1.1.0.RELEASE/spring-plugin-1.1.0.RELEASE.pom
2015-07-09 13:06:00,900 [Worker-4] INFO  o.e.m.c.i.e.AbstractTransferListenerAdapter - Downloading https://repo.maven.apache.org/maven2/org/atteo/evo-inflector/1.2/evo-inflector-1.2.pom
2015-07-09 13:06:00,994 [Worker-4] INFO  o.e.m.c.i.e.AbstractTransferListenerAdapter - Downloaded https://repo.maven.apache.org/maven2/org/atteo/evo-inflector/1.2/evo-inflector-1.2.pom
2015-07-09 13:06:01,063 [Worker-4] INFO  o.e.m.c.i.e.AbstractTransferListenerAdapter - Downloading https://repo.maven.apache.org/maven2/org/atteo/parent/1.10/parent-1.10.pom
2015-07-09 13:06:01,113 [Worker-4] INFO  o.e.m.c.i.e.AbstractTransferListenerAdapter - Downloaded https://repo.maven.apache.org/maven2/org/atteo/parent/1.10/parent-1.10.pom
2015-07-09 13:06:01,170 [Worker-4] INFO  o.e.m.c.i.e.AbstractTransferListenerAdapter - Downloading https://repo.maven.apache.org/maven2/com/github/fge/json-patch/1.7/json-patch-1.7.pom
2015-07-09 13:06:01,218 [Worker-4] INFO  o.e.m.c.i.e.AbstractTransferListenerAdapter - Downloaded https://repo.maven.apache.org/maven2/com/github/fge/json-patch/1.7/json-patch-1.7.pom
2015-07-09 13:06:01,274 [Worker-4] INFO  o.e.m.c.i.e.AbstractTransferListenerAdapter - Downloading https://repo.maven.apache.org/maven2/com/github/fge/jackson-coreutils/1.6/jackson-coreutils-1.6.pom
2015-07-09 13:06:01,323 [Worker-4] INFO  o.e.m.c.i.e.AbstractTransferListenerAdapter - Downloaded https://repo.maven.apache.org/maven2/com/github/fge/jackson-coreutils/1.6/jackson-coreutils-1.6.pom
2015-07-09 13:06:01,381 [Worker-4] INFO  o.e.m.c.i.e.AbstractTransferListenerAdapter - Downloading https://repo.maven.apache.org/maven2/com/github/fge/msg-simple/1.1/msg-simple-1.1.pom
2015-07-09 13:06:01,429 [Worker-4] INFO  o.e.m.c.i.e.AbstractTransferListenerAdapter - Downloaded https://repo.maven.apache.org/maven2/com/github/fge/msg-simple/1.1/msg-simple-1.1.pom
2015-07-09 13:06:01,484 [Worker-4] INFO  o.e.m.c.i.e.AbstractTransferListenerAdapter - Downloading https://repo.maven.apache.org/maven2/com/github/fge/btf/1.2/btf-1.2.pom
2015-07-09 13:06:01,532 [Worker-4] INFO  o.e.m.c.i.e.AbstractTransferListenerAdapter - Downloaded https://repo.maven.apache.org/maven2/com/github/fge/btf/1.2/btf-1.2.pom
2015-07-09 13:06:01,588 [Worker-4] INFO  o.e.m.c.i.e.AbstractTransferListenerAdapter - Downloading https://repo.maven.apache.org/maven2/com/google/guava/guava/16.0.1/guava-16.0.1.pom
2015-07-09 13:06:01,651 [Worker-4] INFO  o.e.m.c.i.e.AbstractTransferListenerAdapter - Downloaded https://repo.maven.apache.org/maven2/com/google/guava/guava/16.0.1/guava-16.0.1.pom
2015-07-09 13:06:01,721 [Worker-4] INFO  o.e.m.c.i.e.AbstractTransferListenerAdapter - Downloading https://repo.maven.apache.org/maven2/com/google/guava/guava-parent/16.0.1/guava-parent-16.0.1.pom
2015-07-09 13:06:01,772 [Worker-4] INFO  o.e.m.c.i.e.AbstractTransferListenerAdapter - Downloaded https://repo.maven.apache.org/maven2/com/google/guava/guava-parent/16.0.1/guava-parent-16.0.1.pom
2015-07-09 13:06:01,836 [Worker-4] INFO  o.e.m.c.i.e.AbstractTransferListenerAdapter - Downloading https://repo.maven.apache.org/maven2/joda-time/joda-time/2.8.1/joda-time-2.8.1.pom
2015-07-09 13:06:01,907 [Worker-4] INFO  o.e.m.c.i.e.AbstractTransferListenerAdapter - Downloaded https://repo.maven.apache.org/maven2/joda-time/joda-time/2.8.1/joda-time-2.8.1.pom
2015-07-09 13:06:01,976 [Worker-4] INFO  o.e.m.c.i.e.AbstractTransferListenerAdapter - Downloading https://repo.maven.apache.org/maven2/org/jadira/usertype/usertype.core/3.2.0.GA/usertype.core-3.2.0.GA.pom
2015-07-09 13:06:02,026 [Worker-4] INFO  o.e.m.c.i.e.AbstractTransferListenerAdapter - Downloaded https://repo.maven.apache.org/maven2/org/jadira/usertype/usertype.core/3.2.0.GA/usertype.core-3.2.0.GA.pom
2015-07-09 13:06:02,092 [Worker-4] INFO  o.e.m.c.i.e.AbstractTransferListenerAdapter - Downloading https://repo.maven.apache.org/maven2/org/jadira/framework/jadira.parent/3.2.0.GA/jadira.parent-3.2.0.GA.pom
2015-07-09 13:06:02,151 [Worker-4] INFO  o.e.m.c.i.e.AbstractTransferListenerAdapter - Downloaded https://repo.maven.apache.org/maven2/org/jadira/framework/jadira.parent/3.2.0.GA/jadira.parent-3.2.0.GA.pom
2015-07-09 13:06:02,216 [Worker-4] INFO  o.e.m.c.i.e.AbstractTransferListenerAdapter - Downloading https://repo.maven.apache.org/maven2/org/jadira/framework/jadira.depmgmt/3.2.0.GA/jadira.depmgmt-3.2.0.GA.pom
2015-07-09 13:06:02,266 [Worker-4] INFO  o.e.m.c.i.e.AbstractTransferListenerAdapter - Downloaded https://repo.maven.apache.org/maven2/org/jadira/framework/jadira.depmgmt/3.2.0.GA/jadira.depmgmt-3.2.0.GA.pom
2015-07-09 13:06:02,325 [Worker-4] INFO  o.e.m.c.i.e.AbstractTransferListenerAdapter - Downloading https://repo.maven.apache.org/maven2/org/jboss/weld/weld-core-bom/1.1.12.Final/weld-core-bom-1.1.12.Final.pom
2015-07-09 13:06:02,374 [Worker-4] INFO  o.e.m.c.i.e.AbstractTransferListenerAdapter - Downloaded https://repo.maven.apache.org/maven2/org/jboss/weld/weld-core-bom/1.1.12.Final/weld-core-bom-1.1.12.Final.pom
2015-07-09 13:06:02,435 [Worker-4] INFO  o.e.m.c.i.e.AbstractTransferListenerAdapter - Downloading https://repo.maven.apache.org/maven2/org/jboss/weld/weld-core-parent/1.1.12.Final/weld-core-parent-1.1.12.Final.pom
2015-07-09 13:06:02,491 [Worker-4] INFO  o.e.m.c.i.e.AbstractTransferListenerAdapter - Downloaded https://repo.maven.apache.org/maven2/org/jboss/weld/weld-core-parent/1.1.12.Final/weld-core-parent-1.1.12.Final.pom
2015-07-09 13:06:02,552 [Worker-4] INFO  o.e.m.c.i.e.AbstractTransferListenerAdapter - Downloading https://repo.maven.apache.org/maven2/org/jboss/weld/weld-parent/21/weld-parent-21.pom
2015-07-09 13:06:02,611 [Worker-4] INFO  o.e.m.c.i.e.AbstractTransferListenerAdapter - Downloaded https://repo.maven.apache.org/maven2/org/jboss/weld/weld-parent/21/weld-parent-21.pom
2015-07-09 13:06:02,703 [Worker-4] INFO  o.e.m.c.i.e.AbstractTransferListenerAdapter - Downloaded http://repository.jboss.org/nexus/content/groups/public/org/jboss/weld/weld-api-bom/1.1.Final/weld-api-bom-1.1.Final.pom
2015-07-09 13:06:02,782 [Worker-4] INFO  o.e.m.c.i.e.AbstractTransferListenerAdapter - Downloaded http://repository.jboss.org/nexus/content/groups/public/org/jboss/weld/weld-parent/17/weld-parent-17.pom
2015-07-09 13:06:02,847 [Worker-4] INFO  o.e.m.c.i.e.AbstractTransferListenerAdapter - Downloading https://repo.maven.apache.org/maven2/org/jboss/spec/javax/transaction/jboss-transaction-api_1.2_spec/1.0.0.Final/jboss-transaction-api_1.2_spec-1.0.0.Final.pom
2015-07-09 13:06:02,898 [Worker-4] INFO  o.e.m.c.i.e.AbstractTransferListenerAdapter - Downloaded https://repo.maven.apache.org/maven2/org/jboss/spec/javax/transaction/jboss-transaction-api_1.2_spec/1.0.0.Final/jboss-transaction-api_1.2_spec-1.0.0.Final.pom
2015-07-09 13:06:02,958 [Worker-4] INFO  o.e.m.c.i.e.AbstractTransferListenerAdapter - Downloading https://repo.maven.apache.org/maven2/org/jadira/usertype/usertype.spi/3.2.0.GA/usertype.spi-3.2.0.GA.pom
2015-07-09 13:06:03,033 [Worker-4] INFO  o.e.m.c.i.e.AbstractTransferListenerAdapter - Downloaded https://repo.maven.apache.org/maven2/org/jadira/usertype/usertype.spi/3.2.0.GA/usertype.spi-3.2.0.GA.pom
2015-07-09 13:06:03,090 [Worker-4] INFO  o.e.m.c.i.e.AbstractTransferListenerAdapter - Downloading https://repo.maven.apache.org/maven2/mysql/mysql-connector-java/5.1.34/mysql-connector-java-5.1.34.pom
2015-07-09 13:06:03,137 [Worker-4] INFO  o.e.m.c.i.e.AbstractTransferListenerAdapter - Downloaded https://repo.maven.apache.org/maven2/mysql/mysql-connector-java/5.1.34/mysql-connector-java-5.1.34.pom
2015-07-09 13:06:03,197 [Worker-4] INFO  o.e.m.c.i.e.AbstractTransferListenerAdapter - Downloading https://repo.maven.apache.org/maven2/org/springframework/boot/spring-boot-starter-test/1.2.5.RELEASE/spring-boot-starter-test-1.2.5.RELEASE.pom
2015-07-09 13:06:03,247 [Worker-4] INFO  o.e.m.c.i.e.AbstractTransferListenerAdapter - Downloaded https://repo.maven.apache.org/maven2/org/springframework/boot/spring-boot-starter-test/1.2.5.RELEASE/spring-boot-starter-test-1.2.5.RELEASE.pom
2015-07-09 13:06:03,322 [Worker-4] INFO  o.e.m.c.i.e.AbstractTransferListenerAdapter - Downloading https://repo.maven.apache.org/maven2/org/mockito/mockito-core/1.10.19/mockito-core-1.10.19.pom
2015-07-09 13:06:03,372 [Worker-4] INFO  o.e.m.c.i.e.AbstractTransferListenerAdapter - Downloaded https://repo.maven.apache.org/maven2/org/mockito/mockito-core/1.10.19/mockito-core-1.10.19.pom
2015-07-09 13:06:03,427 [Worker-4] INFO  o.e.m.c.i.e.AbstractTransferListenerAdapter - Downloading https://repo.maven.apache.org/maven2/org/hamcrest/hamcrest-library/1.3/hamcrest-library-1.3.pom
2015-07-09 13:06:03,488 [Worker-4] INFO  o.e.m.c.i.e.AbstractTransferListenerAdapter - Downloaded https://repo.maven.apache.org/maven2/org/hamcrest/hamcrest-library/1.3/hamcrest-library-1.3.pom
2015-07-09 13:06:03,700 [Worker-4] INFO  o.e.m.c.i.e.AbstractTransferListenerAdapter - Downloading https://repo.maven.apache.org/maven2/org/springframework/boot/spring-boot-starter-actuator/1.2.5.RELEASE/spring-boot-starter-actuator-1.2.5.RELEASE.jar
2015-07-09 13:06:03,750 [Worker-4] INFO  o.e.m.c.i.e.AbstractTransferListenerAdapter - Downloaded https://repo.maven.apache.org/maven2/org/springframework/boot/spring-boot-starter-actuator/1.2.5.RELEASE/spring-boot-starter-actuator-1.2.5.RELEASE.jar
2015-07-09 13:06:03,793 [Worker-4] INFO  o.e.m.c.i.e.AbstractTransferListenerAdapter - Downloading https://repo.maven.apache.org/maven2/org/springframework/boot/spring-boot-starter/1.2.5.RELEASE/spring-boot-starter-1.2.5.RELEASE.jar
2015-07-09 13:06:03,844 [Worker-4] INFO  o.e.m.c.i.e.AbstractTransferListenerAdapter - Downloaded https://repo.maven.apache.org/maven2/org/springframework/boot/spring-boot-starter/1.2.5.RELEASE/spring-boot-starter-1.2.5.RELEASE.jar
2015-07-09 13:06:03,895 [Worker-4] INFO  o.e.m.c.i.e.AbstractTransferListenerAdapter - Downloading https://repo.maven.apache.org/maven2/org/springframework/boot/spring-boot/1.2.5.RELEASE/spring-boot-1.2.5.RELEASE.jar
2015-07-09 13:06:04,327 [Worker-4] INFO  o.e.m.c.i.e.AbstractTransferListenerAdapter - Downloaded https://repo.maven.apache.org/maven2/org/springframework/boot/spring-boot/1.2.5.RELEASE/spring-boot-1.2.5.RELEASE.jar
2015-07-09 13:06:04,378 [Worker-4] INFO  o.e.m.c.i.e.AbstractTransferListenerAdapter - Downloading https://repo.maven.apache.org/maven2/org/springframework/boot/spring-boot-autoconfigure/1.2.5.RELEASE/spring-boot-autoconfigure-1.2.5.RELEASE.jar
2015-07-09 13:06:04,872 [Worker-4] INFO  o.e.m.c.i.e.AbstractTransferListenerAdapter - Downloaded https://repo.maven.apache.org/maven2/org/springframework/boot/spring-boot-autoconfigure/1.2.5.RELEASE/spring-boot-autoconfigure-1.2.5.RELEASE.jar
2015-07-09 13:06:04,916 [Worker-4] INFO  o.e.m.c.i.e.AbstractTransferListenerAdapter - Downloading https://repo.maven.apache.org/maven2/org/springframework/boot/spring-boot-starter-logging/1.2.5.RELEASE/spring-boot-starter-logging-1.2.5.RELEASE.jar
2015-07-09 13:06:04,982 [Worker-4] INFO  o.e.m.c.i.e.AbstractTransferListenerAdapter - Downloaded https://repo.maven.apache.org/maven2/org/springframework/boot/spring-boot-starter-logging/1.2.5.RELEASE/spring-boot-starter-logging-1.2.5.RELEASE.jar
2015-07-09 13:06:05,027 [Worker-4] INFO  o.e.m.c.i.e.AbstractTransferListenerAdapter - Downloading https://repo.maven.apache.org/maven2/org/slf4j/jul-to-slf4j/1.7.12/jul-to-slf4j-1.7.12.jar
2015-07-09 13:06:05,078 [Worker-4] INFO  o.e.m.c.i.e.AbstractTransferListenerAdapter - Downloaded https://repo.maven.apache.org/maven2/org/slf4j/jul-to-slf4j/1.7.12/jul-to-slf4j-1.7.12.jar
2015-07-09 13:06:05,128 [Worker-4] INFO  o.e.m.c.i.e.AbstractTransferListenerAdapter - Downloading https://repo.maven.apache.org/maven2/org/slf4j/log4j-over-slf4j/1.7.12/log4j-over-slf4j-1.7.12.jar
2015-07-09 13:06:05,512 [Worker-4] INFO  o.e.m.c.i.e.AbstractTransferListenerAdapter - Downloaded https://repo.maven.apache.org/maven2/org/slf4j/log4j-over-slf4j/1.7.12/log4j-over-slf4j-1.7.12.jar
2015-07-09 13:06:05,603 [Worker-4] INFO  o.e.m.c.i.e.AbstractTransferListenerAdapter - Downloading https://repo.maven.apache.org/maven2/org/yaml/snakeyaml/1.14/snakeyaml-1.14.jar
2015-07-09 13:06:05,951 [Worker-4] INFO  o.e.m.c.i.e.AbstractTransferListenerAdapter - Downloaded https://repo.maven.apache.org/maven2/org/yaml/snakeyaml/1.14/snakeyaml-1.14.jar
2015-07-09 13:06:06,004 [Worker-4] INFO  o.e.m.c.i.e.AbstractTransferListenerAdapter - Downloading https://repo.maven.apache.org/maven2/org/springframework/boot/spring-boot-actuator/1.2.5.RELEASE/spring-boot-actuator-1.2.5.RELEASE.jar
2015-07-09 13:06:06,274 [Worker-4] INFO  o.e.m.c.i.e.AbstractTransferListenerAdapter - Downloaded https://repo.maven.apache.org/maven2/org/springframework/boot/spring-boot-actuator/1.2.5.RELEASE/spring-boot-actuator-1.2.5.RELEASE.jar
2015-07-09 13:06:06,320 [Worker-4] INFO  o.e.m.c.i.e.AbstractTransferListenerAdapter - Downloading https://repo.maven.apache.org/maven2/org/springframework/boot/spring-boot-starter-data-jpa/1.2.5.RELEASE/spring-boot-starter-data-jpa-1.2.5.RELEASE.jar
2015-07-09 13:06:06,373 [Worker-4] INFO  o.e.m.c.i.e.AbstractTransferListenerAdapter - Downloaded https://repo.maven.apache.org/maven2/org/springframework/boot/spring-boot-starter-data-jpa/1.2.5.RELEASE/spring-boot-starter-data-jpa-1.2.5.RELEASE.jar
2015-07-09 13:06:06,419 [Worker-4] INFO  o.e.m.c.i.e.AbstractTransferListenerAdapter - Downloading https://repo.maven.apache.org/maven2/org/springframework/boot/spring-boot-starter-aop/1.2.5.RELEASE/spring-boot-starter-aop-1.2.5.RELEASE.jar
2015-07-09 13:06:06,564 [Worker-4] INFO  o.e.m.c.i.e.AbstractTransferListenerAdapter - Downloaded https://repo.maven.apache.org/maven2/org/springframework/boot/spring-boot-starter-aop/1.2.5.RELEASE/spring-boot-starter-aop-1.2.5.RELEASE.jar
2015-07-09 13:06:06,615 [Worker-4] INFO  o.e.m.c.i.e.AbstractTransferListenerAdapter - Downloading https://repo.maven.apache.org/maven2/org/aspectj/aspectjrt/1.8.6/aspectjrt-1.8.6.jar
2015-07-09 13:06:06,748 [Worker-4] INFO  o.e.m.c.i.e.AbstractTransferListenerAdapter - Downloaded https://repo.maven.apache.org/maven2/org/aspectj/aspectjrt/1.8.6/aspectjrt-1.8.6.jar
2015-07-09 13:06:06,819 [Worker-4] INFO  o.e.m.c.i.e.AbstractTransferListenerAdapter - Downloading https://repo.maven.apache.org/maven2/org/aspectj/aspectjweaver/1.8.6/aspectjweaver-1.8.6.jar
2015-07-09 13:06:08,095 [Worker-4] INFO  o.e.m.c.i.e.AbstractTransferListenerAdapter - Downloaded https://repo.maven.apache.org/maven2/org/aspectj/aspectjweaver/1.8.6/aspectjweaver-1.8.6.jar
2015-07-09 13:06:08,139 [Worker-4] INFO  o.e.m.c.i.e.AbstractTransferListenerAdapter - Downloading https://repo.maven.apache.org/maven2/org/springframework/boot/spring-boot-starter-jdbc/1.2.5.RELEASE/spring-boot-starter-jdbc-1.2.5.RELEASE.jar
2015-07-09 13:06:08,191 [Worker-4] INFO  o.e.m.c.i.e.AbstractTransferListenerAdapter - Downloaded https://repo.maven.apache.org/maven2/org/springframework/boot/spring-boot-starter-jdbc/1.2.5.RELEASE/spring-boot-starter-jdbc-1.2.5.RELEASE.jar
2015-07-09 13:06:08,242 [Worker-4] INFO  o.e.m.c.i.e.AbstractTransferListenerAdapter - Downloading https://repo.maven.apache.org/maven2/org/apache/tomcat/tomcat-jdbc/8.0.23/tomcat-jdbc-8.0.23.jar
2015-07-09 13:06:08,386 [Worker-4] INFO  o.e.m.c.i.e.AbstractTransferListenerAdapter - Downloaded https://repo.maven.apache.org/maven2/org/apache/tomcat/tomcat-jdbc/8.0.23/tomcat-jdbc-8.0.23.jar
2015-07-09 13:06:08,437 [Worker-4] INFO  o.e.m.c.i.e.AbstractTransferListenerAdapter - Downloading https://repo.maven.apache.org/maven2/org/apache/tomcat/tomcat-juli/8.0.23/tomcat-juli-8.0.23.jar
2015-07-09 13:06:08,497 [Worker-4] INFO  o.e.m.c.i.e.AbstractTransferListenerAdapter - Downloaded https://repo.maven.apache.org/maven2/org/apache/tomcat/tomcat-juli/8.0.23/tomcat-juli-8.0.23.jar
2015-07-09 13:06:08,551 [Worker-4] INFO  o.e.m.c.i.e.AbstractTransferListenerAdapter - Downloading https://repo.maven.apache.org/maven2/org/hibernate/hibernate-entitymanager/4.3.10.Final/hibernate-entitymanager-4.3.10.Final.jar
2015-07-09 13:06:09,455 [Worker-4] INFO  o.e.m.c.i.e.AbstractTransferListenerAdapter - Downloaded https://repo.maven.apache.org/maven2/org/hibernate/hibernate-entitymanager/4.3.10.Final/hibernate-entitymanager-4.3.10.Final.jar
2015-07-09 13:06:09,509 [Worker-4] INFO  o.e.m.c.i.e.AbstractTransferListenerAdapter - Downloading https://repo.maven.apache.org/maven2/org/jboss/logging/jboss-logging/3.1.3.GA/jboss-logging-3.1.3.GA.jar
2015-07-09 13:06:09,683 [Worker-4] INFO  o.e.m.c.i.e.AbstractTransferListenerAdapter - Downloaded https://repo.maven.apache.org/maven2/org/jboss/logging/jboss-logging/3.1.3.GA/jboss-logging-3.1.3.GA.jar
2015-07-09 13:06:09,731 [Worker-4] INFO  o.e.m.c.i.e.AbstractTransferListenerAdapter - Downloading https://repo.maven.apache.org/maven2/org/jboss/logging/jboss-logging-annotations/1.2.0.Beta1/jboss-logging-annotations-1.2.0.Beta1.jar
2015-07-09 13:06:09,781 [Worker-4] INFO  o.e.m.c.i.e.AbstractTransferListenerAdapter - Downloaded https://repo.maven.apache.org/maven2/org/jboss/logging/jboss-logging-annotations/1.2.0.Beta1/jboss-logging-annotations-1.2.0.Beta1.jar
2015-07-09 13:06:09,884 [Worker-4] INFO  o.e.m.c.i.e.AbstractTransferListenerAdapter - Downloading https://repo.maven.apache.org/maven2/org/hibernate/hibernate-core/4.3.10.Final/hibernate-core-4.3.10.Final.jar
2015-07-09 13:06:23,477 [Worker-4] INFO  o.e.m.c.i.e.AbstractTransferListenerAdapter - Downloaded https://repo.maven.apache.org/maven2/org/hibernate/hibernate-core/4.3.10.Final/hibernate-core-4.3.10.Final.jar
2015-07-09 13:06:23,528 [Worker-4] INFO  o.e.m.c.i.e.AbstractTransferListenerAdapter - Downloading https://repo.maven.apache.org/maven2/javax/transaction/javax.transaction-api/1.2/javax.transaction-api-1.2.jar
2015-07-09 13:06:23,686 [Worker-4] INFO  o.e.m.c.i.e.AbstractTransferListenerAdapter - Downloaded https://repo.maven.apache.org/maven2/javax/transaction/javax.transaction-api/1.2/javax.transaction-api-1.2.jar
2015-07-09 13:06:23,739 [Worker-4] INFO  o.e.m.c.i.e.AbstractTransferListenerAdapter - Downloading https://repo.maven.apache.org/maven2/org/springframework/spring-orm/4.1.7.RELEASE/spring-orm-4.1.7.RELEASE.jar
2015-07-09 13:06:24,535 [Worker-4] INFO  o.e.m.c.i.e.AbstractTransferListenerAdapter - Downloaded https://repo.maven.apache.org/maven2/org/springframework/spring-orm/4.1.7.RELEASE/spring-orm-4.1.7.RELEASE.jar
2015-07-09 13:06:24,586 [Worker-4] INFO  o.e.m.c.i.e.AbstractTransferListenerAdapter - Downloading https://repo.maven.apache.org/maven2/org/springframework/data/spring-data-jpa/1.7.3.RELEASE/spring-data-jpa-1.7.3.RELEASE.jar
2015-07-09 13:06:25,239 [Worker-4] INFO  o.e.m.c.i.e.AbstractTransferListenerAdapter - Downloaded https://repo.maven.apache.org/maven2/org/springframework/data/spring-data-jpa/1.7.3.RELEASE/spring-data-jpa-1.7.3.RELEASE.jar
2015-07-09 13:06:25,299 [Worker-4] INFO  o.e.m.c.i.e.AbstractTransferListenerAdapter - Downloading https://repo.maven.apache.org/maven2/org/springframework/data/spring-data-commons/1.9.3.RELEASE/spring-data-commons-1.9.3.RELEASE.jar
2015-07-09 13:06:26,600 [Worker-4] INFO  o.e.m.c.i.e.AbstractTransferListenerAdapter - Downloaded https://repo.maven.apache.org/maven2/org/springframework/data/spring-data-commons/1.9.3.RELEASE/spring-data-commons-1.9.3.RELEASE.jar
2015-07-09 13:06:26,649 [Worker-4] INFO  o.e.m.c.i.e.AbstractTransferListenerAdapter - Downloading https://repo.maven.apache.org/maven2/org/slf4j/jcl-over-slf4j/1.7.12/jcl-over-slf4j-1.7.12.jar
2015-07-09 13:06:26,700 [Worker-4] INFO  o.e.m.c.i.e.AbstractTransferListenerAdapter - Downloaded https://repo.maven.apache.org/maven2/org/slf4j/jcl-over-slf4j/1.7.12/jcl-over-slf4j-1.7.12.jar
2015-07-09 13:06:26,749 [Worker-4] INFO  o.e.m.c.i.e.AbstractTransferListenerAdapter - Downloading https://repo.maven.apache.org/maven2/org/springframework/spring-aspects/4.1.7.RELEASE/spring-aspects-4.1.7.RELEASE.jar
2015-07-09 13:06:26,922 [Worker-4] INFO  o.e.m.c.i.e.AbstractTransferListenerAdapter - Downloaded https://repo.maven.apache.org/maven2/org/springframework/spring-aspects/4.1.7.RELEASE/spring-aspects-4.1.7.RELEASE.jar
2015-07-09 13:06:26,968 [Worker-4] INFO  o.e.m.c.i.e.AbstractTransferListenerAdapter - Downloading https://repo.maven.apache.org/maven2/org/springframework/boot/spring-boot-starter-data-rest/1.2.5.RELEASE/spring-boot-starter-data-rest-1.2.5.RELEASE.jar
2015-07-09 13:06:27,032 [Worker-4] INFO  o.e.m.c.i.e.AbstractTransferListenerAdapter - Downloaded https://repo.maven.apache.org/maven2/org/springframework/boot/spring-boot-starter-data-rest/1.2.5.RELEASE/spring-boot-starter-data-rest-1.2.5.RELEASE.jar
2015-07-09 13:06:27,077 [Worker-4] INFO  o.e.m.c.i.e.AbstractTransferListenerAdapter - Downloading https://repo.maven.apache.org/maven2/org/springframework/boot/spring-boot-starter-web/1.2.5.RELEASE/spring-boot-starter-web-1.2.5.RELEASE.jar
2015-07-09 13:06:27,130 [Worker-4] INFO  o.e.m.c.i.e.AbstractTransferListenerAdapter - Downloaded https://repo.maven.apache.org/maven2/org/springframework/boot/spring-boot-starter-web/1.2.5.RELEASE/spring-boot-starter-web-1.2.5.RELEASE.jar
2015-07-09 13:06:27,178 [Worker-4] INFO  o.e.m.c.i.e.AbstractTransferListenerAdapter - Downloading https://repo.maven.apache.org/maven2/org/springframework/boot/spring-boot-starter-tomcat/1.2.5.RELEASE/spring-boot-starter-tomcat-1.2.5.RELEASE.jar
2015-07-09 13:06:27,225 [Worker-4] INFO  o.e.m.c.i.e.AbstractTransferListenerAdapter - Downloaded https://repo.maven.apache.org/maven2/org/springframework/boot/spring-boot-starter-tomcat/1.2.5.RELEASE/spring-boot-starter-tomcat-1.2.5.RELEASE.jar
2015-07-09 13:06:27,284 [Worker-4] INFO  o.e.m.c.i.e.AbstractTransferListenerAdapter - Downloading https://repo.maven.apache.org/maven2/org/apache/tomcat/embed/tomcat-embed-core/8.0.23/tomcat-embed-core-8.0.23.jar
2015-07-09 13:06:34,002 [Worker-4] INFO  o.e.m.c.i.e.AbstractTransferListenerAdapter - Downloaded https://repo.maven.apache.org/maven2/org/apache/tomcat/embed/tomcat-embed-core/8.0.23/tomcat-embed-core-8.0.23.jar
2015-07-09 13:06:34,138 [Worker-4] INFO  o.e.m.c.i.e.AbstractTransferListenerAdapter - Downloading https://repo.maven.apache.org/maven2/org/apache/tomcat/embed/tomcat-embed-el/8.0.23/tomcat-embed-el-8.0.23.jar
2015-07-09 13:06:34,572 [Worker-4] INFO  o.e.m.c.i.e.AbstractTransferListenerAdapter - Downloaded https://repo.maven.apache.org/maven2/org/apache/tomcat/embed/tomcat-embed-el/8.0.23/tomcat-embed-el-8.0.23.jar
2015-07-09 13:06:34,629 [Worker-4] INFO  o.e.m.c.i.e.AbstractTransferListenerAdapter - Downloading https://repo.maven.apache.org/maven2/org/apache/tomcat/embed/tomcat-embed-logging-juli/8.0.23/tomcat-embed-logging-juli-8.0.23.jar
2015-07-09 13:06:34,723 [Worker-4] INFO  o.e.m.c.i.e.AbstractTransferListenerAdapter - Downloaded https://repo.maven.apache.org/maven2/org/apache/tomcat/embed/tomcat-embed-logging-juli/8.0.23/tomcat-embed-logging-juli-8.0.23.jar
2015-07-09 13:06:34,775 [Worker-4] INFO  o.e.m.c.i.e.AbstractTransferListenerAdapter - Downloading https://repo.maven.apache.org/maven2/org/apache/tomcat/embed/tomcat-embed-websocket/8.0.23/tomcat-embed-websocket-8.0.23.jar
2015-07-09 13:06:35,088 [Worker-4] INFO  o.e.m.c.i.e.AbstractTransferListenerAdapter - Downloaded https://repo.maven.apache.org/maven2/org/apache/tomcat/embed/tomcat-embed-websocket/8.0.23/tomcat-embed-websocket-8.0.23.jar
2015-07-09 13:06:35,139 [Worker-4] INFO  o.e.m.c.i.e.AbstractTransferListenerAdapter - Downloading https://repo.maven.apache.org/maven2/org/hibernate/hibernate-validator/5.1.3.Final/hibernate-validator-5.1.3.Final.jar
2015-07-09 13:06:36,186 [Worker-4] INFO  o.e.m.c.i.e.AbstractTransferListenerAdapter - Downloaded https://repo.maven.apache.org/maven2/org/hibernate/hibernate-validator/5.1.3.Final/hibernate-validator-5.1.3.Final.jar
2015-07-09 13:06:36,237 [Worker-4] INFO  o.e.m.c.i.e.AbstractTransferListenerAdapter - Downloading https://repo.maven.apache.org/maven2/javax/validation/validation-api/1.1.0.Final/validation-api-1.1.0.Final.jar
2015-07-09 13:06:36,439 [Worker-4] INFO  o.e.m.c.i.e.AbstractTransferListenerAdapter - Downloaded https://repo.maven.apache.org/maven2/javax/validation/validation-api/1.1.0.Final/validation-api-1.1.0.Final.jar
2015-07-09 13:06:36,489 [Worker-4] INFO  o.e.m.c.i.e.AbstractTransferListenerAdapter - Downloading https://repo.maven.apache.org/maven2/com/fasterxml/classmate/1.0.0/classmate-1.0.0.jar
2015-07-09 13:06:36,669 [Worker-4] INFO  o.e.m.c.i.e.AbstractTransferListenerAdapter - Downloaded https://repo.maven.apache.org/maven2/com/fasterxml/classmate/1.0.0/classmate-1.0.0.jar
2015-07-09 13:06:36,722 [Worker-4] INFO  o.e.m.c.i.e.AbstractTransferListenerAdapter - Downloading https://repo.maven.apache.org/maven2/org/springframework/spring-web/4.1.7.RELEASE/spring-web-4.1.7.RELEASE.jar
2015-07-09 13:06:38,474 [Worker-4] INFO  o.e.m.c.i.e.AbstractTransferListenerAdapter - Downloaded https://repo.maven.apache.org/maven2/org/springframework/spring-web/4.1.7.RELEASE/spring-web-4.1.7.RELEASE.jar
2015-07-09 13:06:38,526 [Worker-4] INFO  o.e.m.c.i.e.AbstractTransferListenerAdapter - Downloading https://repo.maven.apache.org/maven2/org/springframework/spring-webmvc/4.1.7.RELEASE/spring-webmvc-4.1.7.RELEASE.jar
2015-07-09 13:06:39,898 [Worker-4] INFO  o.e.m.c.i.e.AbstractTransferListenerAdapter - Downloaded https://repo.maven.apache.org/maven2/org/springframework/spring-webmvc/4.1.7.RELEASE/spring-webmvc-4.1.7.RELEASE.jar
2015-07-09 13:06:39,947 [Worker-4] INFO  o.e.m.c.i.e.AbstractTransferListenerAdapter - Downloading https://repo.maven.apache.org/maven2/com/fasterxml/jackson/core/jackson-annotations/2.4.6/jackson-annotations-2.4.6.jar
2015-07-09 13:06:40,101 [Worker-4] INFO  o.e.m.c.i.e.AbstractTransferListenerAdapter - Downloaded https://repo.maven.apache.org/maven2/com/fasterxml/jackson/core/jackson-annotations/2.4.6/jackson-annotations-2.4.6.jar
2015-07-09 13:06:40,196 [Worker-4] INFO  o.e.m.c.i.e.AbstractTransferListenerAdapter - Downloading https://repo.maven.apache.org/maven2/com/fasterxml/jackson/core/jackson-databind/2.4.6/jackson-databind-2.4.6.jar
2015-07-09 13:06:43,075 [Worker-4] INFO  o.e.m.c.i.e.AbstractTransferListenerAdapter - Downloaded https://repo.maven.apache.org/maven2/com/fasterxml/jackson/core/jackson-databind/2.4.6/jackson-databind-2.4.6.jar
2015-07-09 13:06:43,128 [Worker-4] INFO  o.e.m.c.i.e.AbstractTransferListenerAdapter - Downloading https://repo.maven.apache.org/maven2/com/fasterxml/jackson/core/jackson-core/2.4.6/jackson-core-2.4.6.jar
2015-07-09 13:06:43,646 [Worker-4] INFO  o.e.m.c.i.e.AbstractTransferListenerAdapter - Downloaded https://repo.maven.apache.org/maven2/com/fasterxml/jackson/core/jackson-core/2.4.6/jackson-core-2.4.6.jar
2015-07-09 13:06:43,696 [Worker-4] INFO  o.e.m.c.i.e.AbstractTransferListenerAdapter - Downloading https://repo.maven.apache.org/maven2/org/springframework/data/spring-data-rest-webmvc/2.2.3.RELEASE/spring-data-rest-webmvc-2.2.3.RELEASE.jar
2015-07-09 13:06:44,200 [Worker-4] INFO  o.e.m.c.i.e.AbstractTransferListenerAdapter - Downloaded https://repo.maven.apache.org/maven2/org/springframework/data/spring-data-rest-webmvc/2.2.3.RELEASE/spring-data-rest-webmvc-2.2.3.RELEASE.jar
2015-07-09 13:06:44,290 [Worker-4] INFO  o.e.m.c.i.e.AbstractTransferListenerAdapter - Downloading https://repo.maven.apache.org/maven2/org/springframework/data/spring-data-rest-core/2.2.3.RELEASE/spring-data-rest-core-2.2.3.RELEASE.jar
2015-07-09 13:06:44,601 [Worker-4] INFO  o.e.m.c.i.e.AbstractTransferListenerAdapter - Downloaded https://repo.maven.apache.org/maven2/org/springframework/data/spring-data-rest-core/2.2.3.RELEASE/spring-data-rest-core-2.2.3.RELEASE.jar
2015-07-09 13:06:44,654 [Worker-4] INFO  o.e.m.c.i.e.AbstractTransferListenerAdapter - Downloading https://repo.maven.apache.org/maven2/org/springframework/hateoas/spring-hateoas/0.16.0.RELEASE/spring-hateoas-0.16.0.RELEASE.jar
2015-07-09 13:06:45,038 [Worker-4] INFO  o.e.m.c.i.e.AbstractTransferListenerAdapter - Downloaded https://repo.maven.apache.org/maven2/org/springframework/hateoas/spring-hateoas/0.16.0.RELEASE/spring-hateoas-0.16.0.RELEASE.jar
2015-07-09 13:06:45,088 [Worker-4] INFO  o.e.m.c.i.e.AbstractTransferListenerAdapter - Downloading https://repo.maven.apache.org/maven2/org/springframework/plugin/spring-plugin-core/1.1.0.RELEASE/spring-plugin-core-1.1.0.RELEASE.jar
2015-07-09 13:06:45,173 [Worker-4] INFO  o.e.m.c.i.e.AbstractTransferListenerAdapter - Downloaded https://repo.maven.apache.org/maven2/org/springframework/plugin/spring-plugin-core/1.1.0.RELEASE/spring-plugin-core-1.1.0.RELEASE.jar
2015-07-09 13:06:45,222 [Worker-4] INFO  o.e.m.c.i.e.AbstractTransferListenerAdapter - Downloading https://repo.maven.apache.org/maven2/org/atteo/evo-inflector/1.2/evo-inflector-1.2.jar
2015-07-09 13:06:45,298 [Worker-4] INFO  o.e.m.c.i.e.AbstractTransferListenerAdapter - Downloaded https://repo.maven.apache.org/maven2/org/atteo/evo-inflector/1.2/evo-inflector-1.2.jar
2015-07-09 13:06:45,347 [Worker-4] INFO  o.e.m.c.i.e.AbstractTransferListenerAdapter - Downloading https://repo.maven.apache.org/maven2/com/github/fge/json-patch/1.7/json-patch-1.7.jar
2015-07-09 13:06:45,477 [Worker-4] INFO  o.e.m.c.i.e.AbstractTransferListenerAdapter - Downloaded https://repo.maven.apache.org/maven2/com/github/fge/json-patch/1.7/json-patch-1.7.jar
2015-07-09 13:06:45,528 [Worker-4] INFO  o.e.m.c.i.e.AbstractTransferListenerAdapter - Downloading https://repo.maven.apache.org/maven2/com/github/fge/jackson-coreutils/1.6/jackson-coreutils-1.6.jar
2015-07-09 13:06:45,620 [Worker-4] INFO  o.e.m.c.i.e.AbstractTransferListenerAdapter - Downloaded https://repo.maven.apache.org/maven2/com/github/fge/jackson-coreutils/1.6/jackson-coreutils-1.6.jar
2015-07-09 13:06:45,669 [Worker-4] INFO  o.e.m.c.i.e.AbstractTransferListenerAdapter - Downloading https://repo.maven.apache.org/maven2/com/github/fge/msg-simple/1.1/msg-simple-1.1.jar
2015-07-09 13:06:45,762 [Worker-4] INFO  o.e.m.c.i.e.AbstractTransferListenerAdapter - Downloaded https://repo.maven.apache.org/maven2/com/github/fge/msg-simple/1.1/msg-simple-1.1.jar
2015-07-09 13:06:45,808 [Worker-4] INFO  o.e.m.c.i.e.AbstractTransferListenerAdapter - Downloading https://repo.maven.apache.org/maven2/com/github/fge/btf/1.2/btf-1.2.jar
2015-07-09 13:06:45,859 [Worker-4] INFO  o.e.m.c.i.e.AbstractTransferListenerAdapter - Downloaded https://repo.maven.apache.org/maven2/com/github/fge/btf/1.2/btf-1.2.jar
2015-07-09 13:06:45,933 [Worker-4] INFO  o.e.m.c.i.e.AbstractTransferListenerAdapter - Downloading https://repo.maven.apache.org/maven2/com/google/guava/guava/16.0.1/guava-16.0.1.jar
2015-07-09 13:06:50,669 [Worker-4] INFO  o.e.m.c.i.e.AbstractTransferListenerAdapter - Downloaded https://repo.maven.apache.org/maven2/com/google/guava/guava/16.0.1/guava-16.0.1.jar
2015-07-09 13:06:50,722 [Worker-4] INFO  o.e.m.c.i.e.AbstractTransferListenerAdapter - Downloading https://repo.maven.apache.org/maven2/joda-time/joda-time/2.8.1/joda-time-2.8.1.jar
2015-07-09 13:06:52,265 [Worker-4] INFO  o.e.m.c.i.e.AbstractTransferListenerAdapter - Downloaded https://repo.maven.apache.org/maven2/joda-time/joda-time/2.8.1/joda-time-2.8.1.jar
2015-07-09 13:06:52,315 [Worker-4] INFO  o.e.m.c.i.e.AbstractTransferListenerAdapter - Downloading https://repo.maven.apache.org/maven2/org/jadira/usertype/usertype.core/3.2.0.GA/usertype.core-3.2.0.GA.jar
2015-07-09 13:06:52,606 [Worker-4] INFO  o.e.m.c.i.e.AbstractTransferListenerAdapter - Downloaded https://repo.maven.apache.org/maven2/org/jadira/usertype/usertype.core/3.2.0.GA/usertype.core-3.2.0.GA.jar
2015-07-09 13:06:52,660 [Worker-4] INFO  o.e.m.c.i.e.AbstractTransferListenerAdapter - Downloading https://repo.maven.apache.org/maven2/org/jadira/usertype/usertype.spi/3.2.0.GA/usertype.spi-3.2.0.GA.jar
2015-07-09 13:06:52,835 [Worker-4] INFO  o.e.m.c.i.e.AbstractTransferListenerAdapter - Downloaded https://repo.maven.apache.org/maven2/org/jadira/usertype/usertype.spi/3.2.0.GA/usertype.spi-3.2.0.GA.jar
2015-07-09 13:06:52,888 [Worker-4] INFO  o.e.m.c.i.e.AbstractTransferListenerAdapter - Downloading https://repo.maven.apache.org/maven2/mysql/mysql-connector-java/5.1.34/mysql-connector-java-5.1.34.jar
2015-07-09 13:06:55,123 [Worker-4] INFO  o.e.m.c.i.e.AbstractTransferListenerAdapter - Downloaded https://repo.maven.apache.org/maven2/mysql/mysql-connector-java/5.1.34/mysql-connector-java-5.1.34.jar
2015-07-09 13:06:55,166 [Worker-4] INFO  o.e.m.c.i.e.AbstractTransferListenerAdapter - Downloading https://repo.maven.apache.org/maven2/org/springframework/boot/spring-boot-starter-test/1.2.5.RELEASE/spring-boot-starter-test-1.2.5.RELEASE.jar
2015-07-09 13:06:55,216 [Worker-4] INFO  o.e.m.c.i.e.AbstractTransferListenerAdapter - Downloaded https://repo.maven.apache.org/maven2/org/springframework/boot/spring-boot-starter-test/1.2.5.RELEASE/spring-boot-starter-test-1.2.5.RELEASE.jar
2015-07-09 13:06:55,269 [Worker-4] INFO  o.e.m.c.i.e.AbstractTransferListenerAdapter - Downloading https://repo.maven.apache.org/maven2/org/mockito/mockito-core/1.10.19/mockito-core-1.10.19.jar
2015-07-09 13:06:57,609 [Worker-4] INFO  o.e.m.c.i.e.AbstractTransferListenerAdapter - Downloaded https://repo.maven.apache.org/maven2/org/mockito/mockito-core/1.10.19/mockito-core-1.10.19.jar
2015-07-09 13:06:57,706 [Worker-4] INFO  o.e.m.c.i.e.AbstractTransferListenerAdapter - Downloading https://repo.maven.apache.org/maven2/org/objenesis/objenesis/2.1/objenesis-2.1.jar
2015-07-09 13:06:57,802 [Worker-4] INFO  o.e.m.c.i.e.AbstractTransferListenerAdapter - Downloaded https://repo.maven.apache.org/maven2/org/objenesis/objenesis/2.1/objenesis-2.1.jar
2015-07-09 13:06:57,948 [Worker-4] INFO  o.e.m.c.i.e.AbstractTransferListenerAdapter - Downloading https://repo.maven.apache.org/maven2/org/hamcrest/hamcrest-library/1.3/hamcrest-library-1.3.jar
2015-07-09 13:06:58,085 [Worker-4] INFO  o.e.m.c.i.e.AbstractTransferListenerAdapter - Downloaded https://repo.maven.apache.org/maven2/org/hamcrest/hamcrest-library/1.3/hamcrest-library-1.3.jar
2015-07-09 13:07:00,615 [Worker-4] INFO  o.e.m.c.i.e.AbstractTransferListenerAdapter - Downloading https://repo.maven.apache.org/maven2/org/apache/maven/plugins/maven-surefire-plugin/2.17/maven-surefire-plugin-2.17.pom
2015-07-09 13:07:00,667 [Worker-4] INFO  o.e.m.c.i.e.AbstractTransferListenerAdapter - Downloaded https://repo.maven.apache.org/maven2/org/apache/maven/plugins/maven-surefire-plugin/2.17/maven-surefire-plugin-2.17.pom
2015-07-09 13:07:00,771 [Worker-4] INFO  o.e.m.c.i.e.AbstractTransferListenerAdapter - Downloading https://repo.maven.apache.org/maven2/org/apache/maven/surefire/surefire/2.17/surefire-2.17.pom
2015-07-09 13:07:00,834 [Worker-4] INFO  o.e.m.c.i.e.AbstractTransferListenerAdapter - Downloaded https://repo.maven.apache.org/maven2/org/apache/maven/surefire/surefire/2.17/surefire-2.17.pom
2015-07-09 13:07:00,911 [Worker-4] INFO  o.e.m.c.i.e.AbstractTransferListenerAdapter - Downloading https://repo.maven.apache.org/maven2/org/apache/maven/plugins/maven-jar-plugin/2.5/maven-jar-plugin-2.5.pom
2015-07-09 13:07:00,963 [Worker-4] INFO  o.e.m.c.i.e.AbstractTransferListenerAdapter - Downloaded https://repo.maven.apache.org/maven2/org/apache/maven/plugins/maven-jar-plugin/2.5/maven-jar-plugin-2.5.pom
2015-07-09 13:07:01,412 [Worker-4] INFO  o.e.m.c.i.e.AbstractTransferListenerAdapter - Downloading https://repo.maven.apache.org/maven2/org/codehaus/plexus/plexus-archiver/2.4.4/plexus-archiver-2.4.4.pom
2015-07-09 13:07:01,466 [Worker-4] INFO  o.e.m.c.i.e.AbstractTransferListenerAdapter - Downloaded https://repo.maven.apache.org/maven2/org/codehaus/plexus/plexus-archiver/2.4.4/plexus-archiver-2.4.4.pom
2015-07-09 13:07:01,549 [Worker-4] INFO  o.e.m.c.i.e.AbstractTransferListenerAdapter - Downloading https://repo.maven.apache.org/maven2/org/codehaus/plexus/plexus-components/1.3/plexus-components-1.3.pom
2015-07-09 13:07:01,603 [Worker-4] INFO  o.e.m.c.i.e.AbstractTransferListenerAdapter - Downloaded https://repo.maven.apache.org/maven2/org/codehaus/plexus/plexus-components/1.3/plexus-components-1.3.pom
2015-07-09 13:07:01,724 [Worker-4] INFO  o.e.m.c.i.e.AbstractTransferListenerAdapter - Downloading https://repo.maven.apache.org/maven2/org/codehaus/plexus/plexus/3.3/plexus-3.3.pom
2015-07-09 13:07:01,783 [Worker-4] INFO  o.e.m.c.i.e.AbstractTransferListenerAdapter - Downloaded https://repo.maven.apache.org/maven2/org/codehaus/plexus/plexus/3.3/plexus-3.3.pom
2015-07-09 13:07:01,848 [Worker-4] INFO  o.e.m.c.i.e.AbstractTransferListenerAdapter - Downloading https://repo.maven.apache.org/maven2/org/codehaus/plexus/plexus-io/2.0.10/plexus-io-2.0.10.pom
2015-07-09 13:07:01,900 [Worker-4] INFO  o.e.m.c.i.e.AbstractTransferListenerAdapter - Downloaded https://repo.maven.apache.org/maven2/org/codehaus/plexus/plexus-io/2.0.10/plexus-io-2.0.10.pom
2015-07-09 13:07:01,963 [Worker-4] INFO  o.e.m.c.i.e.AbstractTransferListenerAdapter - Downloading https://repo.maven.apache.org/maven2/org/codehaus/plexus/plexus-components/1.2/plexus-components-1.2.pom
2015-07-09 13:07:02,084 [Worker-4] INFO  o.e.m.c.i.e.AbstractTransferListenerAdapter - Downloaded https://repo.maven.apache.org/maven2/org/codehaus/plexus/plexus-components/1.2/plexus-components-1.2.pom
2015-07-09 13:07:02,154 [Worker-4] INFO  o.e.m.c.i.e.AbstractTransferListenerAdapter - Downloading https://repo.maven.apache.org/maven2/org/apache/commons/commons-compress/1.5/commons-compress-1.5.pom
2015-07-09 13:07:02,204 [Worker-4] INFO  o.e.m.c.i.e.AbstractTransferListenerAdapter - Downloaded https://repo.maven.apache.org/maven2/org/apache/commons/commons-compress/1.5/commons-compress-1.5.pom
2015-07-09 13:07:02,261 [Worker-4] INFO  o.e.m.c.i.e.AbstractTransferListenerAdapter - Downloading https://repo.maven.apache.org/maven2/org/apache/commons/commons-parent/28/commons-parent-28.pom
2015-07-09 13:07:02,411 [Worker-4] INFO  o.e.m.c.i.e.AbstractTransferListenerAdapter - Downloaded https://repo.maven.apache.org/maven2/org/apache/commons/commons-parent/28/commons-parent-28.pom
2015-07-09 13:07:02,472 [Worker-4] INFO  o.e.m.c.i.e.AbstractTransferListenerAdapter - Downloading https://repo.maven.apache.org/maven2/org/tukaani/xz/1.2/xz-1.2.pom
2015-07-09 13:07:02,529 [Worker-4] INFO  o.e.m.c.i.e.AbstractTransferListenerAdapter - Downloaded https://repo.maven.apache.org/maven2/org/tukaani/xz/1.2/xz-1.2.pom
2015-07-09 13:07:02,649 [Worker-4] INFO  o.e.m.c.i.e.AbstractTransferListenerAdapter - Downloading https://repo.maven.apache.org/maven2/org/codehaus/plexus/plexus-archiver/2.4.4/plexus-archiver-2.4.4.jar
2015-07-09 13:07:03,077 [Worker-4] INFO  o.e.m.c.i.e.AbstractTransferListenerAdapter - Downloaded https://repo.maven.apache.org/maven2/org/codehaus/plexus/plexus-archiver/2.4.4/plexus-archiver-2.4.4.jar
2015-07-09 13:07:03,166 [Worker-4] INFO  o.e.m.c.i.e.AbstractTransferListenerAdapter - Downloading https://repo.maven.apache.org/maven2/org/codehaus/plexus/plexus-io/2.0.10/plexus-io-2.0.10.jar
2015-07-09 13:07:03,322 [Worker-4] INFO  o.e.m.c.i.e.AbstractTransferListenerAdapter - Downloaded https://repo.maven.apache.org/maven2/org/codehaus/plexus/plexus-io/2.0.10/plexus-io-2.0.10.jar
2015-07-09 13:07:03,414 [Worker-4] INFO  o.e.m.c.i.e.AbstractTransferListenerAdapter - Downloading https://repo.maven.apache.org/maven2/org/apache/commons/commons-compress/1.5/commons-compress-1.5.jar
2015-07-09 13:07:04,045 [Worker-4] INFO  o.e.m.c.i.e.AbstractTransferListenerAdapter - Downloaded https://repo.maven.apache.org/maven2/org/apache/commons/commons-compress/1.5/commons-compress-1.5.jar
2015-07-09 13:07:04,094 [Worker-4] INFO  o.e.m.c.i.e.AbstractTransferListenerAdapter - Downloading https://repo.maven.apache.org/maven2/org/tukaani/xz/1.2/xz-1.2.jar
2015-07-09 13:07:04,350 [Worker-4] INFO  o.e.m.c.i.e.AbstractTransferListenerAdapter - Downloaded https://repo.maven.apache.org/maven2/org/tukaani/xz/1.2/xz-1.2.jar
2015-07-09 13:07:05,234 [Worker-4] INFO  o.e.m.j.i.AbstractJavaProjectConfigurator - Adding source folder /jpa-tutorial/src/main/java
2015-07-09 13:07:05,234 [Worker-4] INFO  o.e.m.j.i.AbstractJavaProjectConfigurator - Adding resource folder /jpa-tutorial/src/main/resources
2015-07-09 13:07:05,240 [Worker-4] INFO  o.e.m.j.i.AbstractJavaProjectConfigurator - Adding resource folder /jpa-tutorial/src/main/resources
2015-07-09 13:07:05,246 [Worker-4] INFO  o.e.m.j.i.AbstractJavaProjectConfigurator - Adding source folder /jpa-tutorial/src/test/java
2015-07-09 13:07:07,357 [Worker-4] INFO  o.e.m.c.i.p.ProjectConfigurationManager - Imported and configured 1 project(s) in 82 sec
2015-07-09 13:07:12,207 [Worker-3] INFO  o.e.m.c.i.embedder.EclipseLogger - Using 'UTF-8' encoding to copy filtered resources.
2015-07-09 13:07:12,222 [Worker-3] INFO  o.e.m.c.i.embedder.EclipseLogger - Copying 1 resource
2015-07-09 13:07:12,238 [Worker-3] INFO  o.e.m.c.i.embedder.EclipseLogger - Copying 0 resource
2015-07-09 13:07:12,241 [Worker-3] INFO  o.e.m.c.i.embedder.EclipseLogger - Using 'UTF-8' encoding to copy filtered resources.
2015-07-09 13:07:12,241 [Worker-3] INFO  o.e.m.c.i.embedder.EclipseLogger - skip non existing resourceDirectory C:\Spring\jpa-tutorial\src\test\resources
2015-07-09 13:07:16,258 [Worker-3] INFO  o.e.m.c.i.embedder.EclipseLogger - Using 'UTF-8' encoding to copy filtered resources.
2015-07-09 13:07:16,259 [Worker-3] INFO  o.e.m.c.i.embedder.EclipseLogger - Copying 0 resource
2015-07-09 13:07:16,260 [Worker-3] INFO  o.e.m.c.i.embedder.EclipseLogger - Copying 0 resource
2015-07-09 13:07:16,261 [Worker-3] INFO  o.e.m.c.i.embedder.EclipseLogger - Using 'UTF-8' encoding to copy filtered resources.
2015-07-09 13:07:16,261 [Worker-3] INFO  o.e.m.c.i.embedder.EclipseLogger - skip non existing resourceDirectory C:\Spring\jpa-tutorial\src\test\resources
2015-07-09 13:18:54,935 [Worker-1] INFO  o.e.m.c.i.embedder.EclipseLogger - Using 'UTF-8' encoding to copy filtered resources.
2015-07-09 13:18:54,936 [Worker-1] INFO  o.e.m.c.i.embedder.EclipseLogger - Copying 1 resource
2015-07-09 13:18:54,940 [Worker-1] INFO  o.e.m.c.i.embedder.EclipseLogger - Copying 0 resource
2015-07-09 13:18:54,941 [Worker-1] INFO  o.e.m.c.i.embedder.EclipseLogger - Using 'UTF-8' encoding to copy filtered resources.
2015-07-09 13:18:54,942 [Worker-1] INFO  o.e.m.c.i.embedder.EclipseLogger - skip non existing resourceDirectory C:\Spring\jpa-tutorial\src\test\resources
2015-07-09 13:35:06,310 [Worker-19] INFO  o.e.m.c.i.embedder.EclipseLogger - Using 'UTF-8' encoding to copy filtered resources.
2015-07-09 13:35:06,311 [Worker-19] INFO  o.e.m.c.i.embedder.EclipseLogger - Copying 0 resource
2015-07-09 13:35:06,311 [Worker-19] INFO  o.e.m.c.i.embedder.EclipseLogger - Copying 0 resource
2015-07-09 13:35:06,313 [Worker-19] INFO  o.e.m.c.i.embedder.EclipseLogger - Using 'UTF-8' encoding to copy filtered resources.
2015-07-09 13:35:06,313 [Worker-19] INFO  o.e.m.c.i.embedder.EclipseLogger - skip non existing resourceDirectory C:\Spring\jpa-tutorial\src\test\resources
2015-07-09 13:35:48,520 [Worker-22] INFO  o.e.m.c.i.embedder.EclipseLogger - Using 'UTF-8' encoding to copy filtered resources.
2015-07-09 13:35:48,521 [Worker-22] INFO  o.e.m.c.i.embedder.EclipseLogger - Copying 0 resource
2015-07-09 13:35:48,521 [Worker-22] INFO  o.e.m.c.i.embedder.EclipseLogger - Copying 0 resource
2015-07-09 13:35:48,522 [Worker-22] INFO  o.e.m.c.i.embedder.EclipseLogger - Using 'UTF-8' encoding to copy filtered resources.
2015-07-09 13:35:48,522 [Worker-22] INFO  o.e.m.c.i.embedder.EclipseLogger - skip non existing resourceDirectory C:\Spring\jpa-tutorial\src\test\resources
2015-07-09 13:36:17,713 [Worker-19] INFO  o.e.m.c.i.embedder.EclipseLogger - Using 'UTF-8' encoding to copy filtered resources.
2015-07-09 13:36:17,713 [Worker-19] INFO  o.e.m.c.i.embedder.EclipseLogger - Copying 0 resource
2015-07-09 13:36:17,713 [Worker-19] INFO  o.e.m.c.i.embedder.EclipseLogger - Copying 0 resource
2015-07-09 13:36:17,715 [Worker-19] INFO  o.e.m.c.i.embedder.EclipseLogger - Using 'UTF-8' encoding to copy filtered resources.
2015-07-09 13:36:17,715 [Worker-19] INFO  o.e.m.c.i.embedder.EclipseLogger - skip non existing resourceDirectory C:\Spring\jpa-tutorial\src\test\resources
2015-07-09 13:36:35,496 [Worker-28] INFO  o.e.m.c.i.e.AbstractTransferListenerAdapter - Downloading https://repo.maven.apache.org/maven2/org/springframework/data/spring-data-commons/1.9.3.RELEASE/spring-data-commons-1.9.3.RELEASE-sources.jar
2015-07-09 13:36:35,839 [Worker-28] INFO  o.e.m.c.i.e.AbstractTransferListenerAdapter - Downloaded https://repo.maven.apache.org/maven2/org/springframework/data/spring-data-commons/1.9.3.RELEASE/spring-data-commons-1.9.3.RELEASE-sources.jar
2015-07-09 13:36:35,973 [Worker-28] INFO  o.e.m.j.internal.DownloadSourcesJob - Downloaded sources for org.springframework.data:spring-data-commons:1.9.3.RELEASE
2015-07-09 13:36:36,356 [Worker-27] INFO  o.e.m.c.i.embedder.EclipseLogger - Using 'UTF-8' encoding to copy filtered resources.
2015-07-09 13:36:36,356 [Worker-27] INFO  o.e.m.c.i.embedder.EclipseLogger - Copying 0 resource
2015-07-09 13:36:36,356 [Worker-27] INFO  o.e.m.c.i.embedder.EclipseLogger - Copying 0 resource
2015-07-09 13:36:36,358 [Worker-27] INFO  o.e.m.c.i.embedder.EclipseLogger - Using 'UTF-8' encoding to copy filtered resources.
2015-07-09 13:36:36,358 [Worker-27] INFO  o.e.m.c.i.embedder.EclipseLogger - skip non existing resourceDirectory C:\Spring\jpa-tutorial\src\test\resources
2015-07-09 13:43:27,084 [Worker-32] INFO  o.e.m.c.i.embedder.EclipseLogger - Using 'UTF-8' encoding to copy filtered resources.
2015-07-09 13:43:27,084 [Worker-32] INFO  o.e.m.c.i.embedder.EclipseLogger - Copying 0 resource
2015-07-09 13:43:27,085 [Worker-32] INFO  o.e.m.c.i.embedder.EclipseLogger - Copying 0 resource
2015-07-09 13:43:27,086 [Worker-32] INFO  o.e.m.c.i.embedder.EclipseLogger - Using 'UTF-8' encoding to copy filtered resources.
2015-07-09 13:43:27,086 [Worker-32] INFO  o.e.m.c.i.embedder.EclipseLogger - skip non existing resourceDirectory C:\Spring\jpa-tutorial\src\test\resources
2015-07-09 13:47:58,790 [Worker-26] INFO  o.e.m.c.i.embedder.EclipseLogger - Using 'UTF-8' encoding to copy filtered resources.
2015-07-09 13:47:58,790 [Worker-26] INFO  o.e.m.c.i.embedder.EclipseLogger - Copying 0 resource
2015-07-09 13:47:58,791 [Worker-26] INFO  o.e.m.c.i.embedder.EclipseLogger - Copying 0 resource
2015-07-09 13:47:58,793 [Worker-26] INFO  o.e.m.c.i.embedder.EclipseLogger - Using 'UTF-8' encoding to copy filtered resources.
2015-07-09 13:47:58,793 [Worker-26] INFO  o.e.m.c.i.embedder.EclipseLogger - skip non existing resourceDirectory C:\Spring\jpa-tutorial\src\test\resources
2015-07-09 13:58:05,595 [Worker-35] INFO  o.e.m.c.i.embedder.EclipseLogger - Using 'UTF-8' encoding to copy filtered resources.
2015-07-09 13:58:05,596 [Worker-35] INFO  o.e.m.c.i.embedder.EclipseLogger - Copying 0 resource
2015-07-09 13:58:05,596 [Worker-35] INFO  o.e.m.c.i.embedder.EclipseLogger - Copying 0 resource
2015-07-09 13:58:05,597 [Worker-35] INFO  o.e.m.c.i.embedder.EclipseLogger - Using 'UTF-8' encoding to copy filtered resources.
2015-07-09 13:58:05,598 [Worker-35] INFO  o.e.m.c.i.embedder.EclipseLogger - skip non existing resourceDirectory C:\Spring\jpa-tutorial\src\test\resources
2015-07-09 14:01:18,587 [Worker-34] INFO  o.e.m.c.i.embedder.EclipseLogger - Using 'UTF-8' encoding to copy filtered resources.
2015-07-09 14:01:18,598 [Worker-34] INFO  o.e.m.c.i.embedder.EclipseLogger - Copying 1 resource
2015-07-09 14:01:18,602 [Worker-34] INFO  o.e.m.c.i.embedder.EclipseLogger - Copying 0 resource
2015-07-09 14:01:18,605 [Worker-34] INFO  o.e.m.c.i.embedder.EclipseLogger - Using 'UTF-8' encoding to copy filtered resources.
2015-07-09 14:01:18,606 [Worker-34] INFO  o.e.m.c.i.embedder.EclipseLogger - skip non existing resourceDirectory C:\Spring\jpa-tutorial\src\test\resources
2015-07-09 14:04:03,886 [Worker-38] INFO  o.e.m.c.i.embedder.EclipseLogger - Using 'UTF-8' encoding to copy filtered resources.
2015-07-09 14:04:03,886 [Worker-38] INFO  o.e.m.c.i.embedder.EclipseLogger - Copying 1 resource
2015-07-09 14:04:03,888 [Worker-38] INFO  o.e.m.c.i.embedder.EclipseLogger - Copying 0 resource
2015-07-09 14:04:03,890 [Worker-38] INFO  o.e.m.c.i.embedder.EclipseLogger - Using 'UTF-8' encoding to copy filtered resources.
2015-07-09 14:04:03,890 [Worker-38] INFO  o.e.m.c.i.embedder.EclipseLogger - skip non existing resourceDirectory C:\Spring\jpa-tutorial\src\test\resources
2015-07-09 14:04:15,902 [Worker-36] INFO  o.e.m.c.i.embedder.EclipseLogger - Using 'UTF-8' encoding to copy filtered resources.
2015-07-09 14:04:15,903 [Worker-36] INFO  o.e.m.c.i.embedder.EclipseLogger - Copying 1 resource
2015-07-09 14:04:15,906 [Worker-36] INFO  o.e.m.c.i.embedder.EclipseLogger - Copying 0 resource
2015-07-09 14:04:15,908 [Worker-36] INFO  o.e.m.c.i.embedder.EclipseLogger - Using 'UTF-8' encoding to copy filtered resources.
2015-07-09 14:04:15,909 [Worker-36] INFO  o.e.m.c.i.embedder.EclipseLogger - skip non existing resourceDirectory C:\Spring\jpa-tutorial\src\test\resources
2015-07-09 14:09:20,847 [Worker-34] INFO  o.e.m.c.i.embedder.EclipseLogger - Using 'UTF-8' encoding to copy filtered resources.
2015-07-09 14:09:20,848 [Worker-34] INFO  o.e.m.c.i.embedder.EclipseLogger - Copying 1 resource
2015-07-09 14:09:20,850 [Worker-34] INFO  o.e.m.c.i.embedder.EclipseLogger - Copying 0 resource
2015-07-09 14:09:20,852 [Worker-34] INFO  o.e.m.c.i.embedder.EclipseLogger - Using 'UTF-8' encoding to copy filtered resources.
2015-07-09 14:09:20,852 [Worker-34] INFO  o.e.m.c.i.embedder.EclipseLogger - skip non existing resourceDirectory C:\Spring\jpa-tutorial\src\test\resources
2015-07-09 14:09:29,551 [Worker-22] INFO  o.e.m.c.i.embedder.EclipseLogger - Using 'UTF-8' encoding to copy filtered resources.
2015-07-09 14:09:29,552 [Worker-22] INFO  o.e.m.c.i.embedder.EclipseLogger - Copying 1 resource
2015-07-09 14:09:29,558 [Worker-22] INFO  o.e.m.c.i.embedder.EclipseLogger - Copying 0 resource
2015-07-09 14:09:29,561 [Worker-22] INFO  o.e.m.c.i.embedder.EclipseLogger - Using 'UTF-8' encoding to copy filtered resources.
2015-07-09 14:09:29,561 [Worker-22] INFO  o.e.m.c.i.embedder.EclipseLogger - skip non existing resourceDirectory C:\Spring\jpa-tutorial\src\test\resources
2015-07-09 14:13:32,286 [Worker-22] INFO  o.e.m.c.i.embedder.EclipseLogger - Using 'UTF-8' encoding to copy filtered resources.
2015-07-09 14:13:32,287 [Worker-22] INFO  o.e.m.c.i.embedder.EclipseLogger - Copying 1 resource
2015-07-09 14:13:32,293 [Worker-22] INFO  o.e.m.c.i.embedder.EclipseLogger - Copying 0 resource
2015-07-09 14:13:32,297 [Worker-22] INFO  o.e.m.c.i.embedder.EclipseLogger - Using 'UTF-8' encoding to copy filtered resources.
2015-07-09 14:13:32,297 [Worker-22] INFO  o.e.m.c.i.embedder.EclipseLogger - skip non existing resourceDirectory C:\Spring\jpa-tutorial\src\test\resources
2015-07-09 14:14:43,978 [Worker-22] INFO  o.e.m.c.i.embedder.EclipseLogger - Using 'UTF-8' encoding to copy filtered resources.
2015-07-09 14:14:43,979 [Worker-22] INFO  o.e.m.c.i.embedder.EclipseLogger - Copying 1 resource
2015-07-09 14:14:43,982 [Worker-22] INFO  o.e.m.c.i.embedder.EclipseLogger - Copying 0 resource
2015-07-09 14:14:43,985 [Worker-22] INFO  o.e.m.c.i.embedder.EclipseLogger - Using 'UTF-8' encoding to copy filtered resources.
2015-07-09 14:14:43,985 [Worker-22] INFO  o.e.m.c.i.embedder.EclipseLogger - skip non existing resourceDirectory C:\Spring\jpa-tutorial\src\test\resources
2015-07-09 14:16:27,635 [Worker-43] INFO  o.e.m.c.i.embedder.EclipseLogger - Using 'UTF-8' encoding to copy filtered resources.
2015-07-09 14:16:27,648 [Worker-43] INFO  o.e.m.c.i.embedder.EclipseLogger - Copying 1 resource
2015-07-09 14:16:27,661 [Worker-43] INFO  o.e.m.c.i.embedder.EclipseLogger - Copying 0 resource
2015-07-09 14:16:27,662 [Worker-43] INFO  o.e.m.c.i.embedder.EclipseLogger - Using 'UTF-8' encoding to copy filtered resources.
2015-07-09 14:16:27,662 [Worker-43] INFO  o.e.m.c.i.embedder.EclipseLogger - skip non existing resourceDirectory C:\Spring\jpa-tutorial\src\test\resources
2015-07-09 14:16:50,615 [Worker-44] INFO  o.e.m.c.i.embedder.EclipseLogger - Using 'UTF-8' encoding to copy filtered resources.
2015-07-09 14:16:50,616 [Worker-44] INFO  o.e.m.c.i.embedder.EclipseLogger - Copying 1 resource
2015-07-09 14:16:50,619 [Worker-44] INFO  o.e.m.c.i.embedder.EclipseLogger - Copying 0 resource
2015-07-09 14:16:50,621 [Worker-44] INFO  o.e.m.c.i.embedder.EclipseLogger - Using 'UTF-8' encoding to copy filtered resources.
2015-07-09 14:16:50,621 [Worker-44] INFO  o.e.m.c.i.embedder.EclipseLogger - skip non existing resourceDirectory C:\Spring\jpa-tutorial\src\test\resources
2015-07-09 14:19:37,550 [Worker-41] INFO  o.e.m.c.i.embedder.EclipseLogger - Using 'UTF-8' encoding to copy filtered resources.
2015-07-09 14:19:37,551 [Worker-41] INFO  o.e.m.c.i.embedder.EclipseLogger - Copying 1 resource
2015-07-09 14:19:37,554 [Worker-41] INFO  o.e.m.c.i.embedder.EclipseLogger - Copying 0 resource
2015-07-09 14:19:37,556 [Worker-41] INFO  o.e.m.c.i.embedder.EclipseLogger - Using 'UTF-8' encoding to copy filtered resources.
2015-07-09 14:19:37,556 [Worker-41] INFO  o.e.m.c.i.embedder.EclipseLogger - skip non existing resourceDirectory C:\Spring\jpa-tutorial\src\test\resources
2015-07-09 14:21:00,741 [Worker-43] INFO  o.e.m.c.i.embedder.EclipseLogger - Using 'UTF-8' encoding to copy filtered resources.
2015-07-09 14:21:00,742 [Worker-43] INFO  o.e.m.c.i.embedder.EclipseLogger - Copying 1 resource
2015-07-09 14:21:00,744 [Worker-43] INFO  o.e.m.c.i.embedder.EclipseLogger - Copying 0 resource
2015-07-09 14:21:00,746 [Worker-43] INFO  o.e.m.c.i.embedder.EclipseLogger - Using 'UTF-8' encoding to copy filtered resources.
2015-07-09 14:21:00,746 [Worker-43] INFO  o.e.m.c.i.embedder.EclipseLogger - skip non existing resourceDirectory C:\Spring\jpa-tutorial\src\test\resources
2015-07-09 14:21:25,644 [Worker-41] INFO  o.e.m.c.i.embedder.EclipseLogger - Using 'UTF-8' encoding to copy filtered resources.
2015-07-09 14:21:25,644 [Worker-41] INFO  o.e.m.c.i.embedder.EclipseLogger - Copying 0 resource
2015-07-09 14:21:25,644 [Worker-41] INFO  o.e.m.c.i.embedder.EclipseLogger - Copying 0 resource
2015-07-09 14:21:25,646 [Worker-41] INFO  o.e.m.c.i.embedder.EclipseLogger - Using 'UTF-8' encoding to copy filtered resources.
2015-07-09 14:21:25,646 [Worker-41] INFO  o.e.m.c.i.embedder.EclipseLogger - skip non existing resourceDirectory C:\Spring\jpa-tutorial\src\test\resources
2015-07-09 14:25:48,501 [Worker-44] INFO  o.e.m.c.i.embedder.EclipseLogger - Using 'UTF-8' encoding to copy filtered resources.
2015-07-09 14:25:48,501 [Worker-44] INFO  o.e.m.c.i.embedder.EclipseLogger - Copying 1 resource
2015-07-09 14:25:48,505 [Worker-44] INFO  o.e.m.c.i.embedder.EclipseLogger - Copying 0 resource
2015-07-09 14:25:48,507 [Worker-44] INFO  o.e.m.c.i.embedder.EclipseLogger - Using 'UTF-8' encoding to copy filtered resources.
2015-07-09 14:25:48,507 [Worker-44] INFO  o.e.m.c.i.embedder.EclipseLogger - skip non existing resourceDirectory C:\Spring\jpa-tutorial\src\test\resources
2015-07-09 14:26:09,664 [Worker-46] INFO  o.e.m.c.i.embedder.EclipseLogger - Using 'UTF-8' encoding to copy filtered resources.
2015-07-09 14:26:09,664 [Worker-46] INFO  o.e.m.c.i.embedder.EclipseLogger - Copying 0 resource
2015-07-09 14:26:09,664 [Worker-46] INFO  o.e.m.c.i.embedder.EclipseLogger - Copying 0 resource
2015-07-09 14:26:09,667 [Worker-46] INFO  o.e.m.c.i.embedder.EclipseLogger - Using 'UTF-8' encoding to copy filtered resources.
2015-07-09 14:26:09,667 [Worker-46] INFO  o.e.m.c.i.embedder.EclipseLogger - skip non existing resourceDirectory C:\Spring\jpa-tutorial\src\test\resources
2015-07-09 14:26:12,426 [Worker-41] INFO  o.e.m.c.i.embedder.EclipseLogger - Using 'UTF-8' encoding to copy filtered resources.
2015-07-09 14:26:12,426 [Worker-41] INFO  o.e.m.c.i.embedder.EclipseLogger - Copying 1 resource
2015-07-09 14:26:12,430 [Worker-41] INFO  o.e.m.c.i.embedder.EclipseLogger - Copying 0 resource
2015-07-09 14:26:12,433 [Worker-41] INFO  o.e.m.c.i.embedder.EclipseLogger - Using 'UTF-8' encoding to copy filtered resources.
2015-07-09 14:26:12,433 [Worker-41] INFO  o.e.m.c.i.embedder.EclipseLogger - skip non existing resourceDirectory C:\Spring\jpa-tutorial\src\test\resources
2015-07-09 14:28:02,474 [Worker-45] INFO  o.e.m.c.i.embedder.EclipseLogger - Using 'UTF-8' encoding to copy filtered resources.
2015-07-09 14:28:02,475 [Worker-45] INFO  o.e.m.c.i.embedder.EclipseLogger - Copying 1 resource
2015-07-09 14:28:02,478 [Worker-45] INFO  o.e.m.c.i.embedder.EclipseLogger - Copying 0 resource
2015-07-09 14:28:02,481 [Worker-45] INFO  o.e.m.c.i.embedder.EclipseLogger - Using 'UTF-8' encoding to copy filtered resources.
2015-07-09 14:28:02,482 [Worker-45] INFO  o.e.m.c.i.embedder.EclipseLogger - skip non existing resourceDirectory C:\Spring\jpa-tutorial\src\test\resources
2015-07-09 14:30:12,401 [Worker-40] INFO  o.e.m.c.i.embedder.EclipseLogger - Using 'UTF-8' encoding to copy filtered resources.
2015-07-09 14:30:12,402 [Worker-40] INFO  o.e.m.c.i.embedder.EclipseLogger - Copying 0 resource
2015-07-09 14:30:12,402 [Worker-40] INFO  o.e.m.c.i.embedder.EclipseLogger - Copying 0 resource
2015-07-09 14:30:12,403 [Worker-40] INFO  o.e.m.c.i.embedder.EclipseLogger - Using 'UTF-8' encoding to copy filtered resources.
2015-07-09 14:30:12,403 [Worker-40] INFO  o.e.m.c.i.embedder.EclipseLogger - skip non existing resourceDirectory C:\Spring\jpa-tutorial\src\test\resources
2015-07-09 14:31:43,858 [Worker-47] INFO  o.e.m.c.i.embedder.EclipseLogger - Using 'UTF-8' encoding to copy filtered resources.
2015-07-09 14:31:43,859 [Worker-47] INFO  o.e.m.c.i.embedder.EclipseLogger - Copying 1 resource
2015-07-09 14:31:43,861 [Worker-47] INFO  o.e.m.c.i.embedder.EclipseLogger - Copying 0 resource
2015-07-09 14:31:43,862 [Worker-47] INFO  o.e.m.c.i.embedder.EclipseLogger - Using 'UTF-8' encoding to copy filtered resources.
2015-07-09 14:31:43,862 [Worker-47] INFO  o.e.m.c.i.embedder.EclipseLogger - skip non existing resourceDirectory C:\Spring\jpa-tutorial\src\test\resources
2015-07-09 14:31:49,062 [Worker-41] INFO  o.e.m.c.i.embedder.EclipseLogger - Using 'UTF-8' encoding to copy filtered resources.
2015-07-09 14:31:49,062 [Worker-41] INFO  o.e.m.c.i.embedder.EclipseLogger - Copying 1 resource
2015-07-09 14:31:49,065 [Worker-41] INFO  o.e.m.c.i.embedder.EclipseLogger - Copying 0 resource
2015-07-09 14:31:49,067 [Worker-41] INFO  o.e.m.c.i.embedder.EclipseLogger - Using 'UTF-8' encoding to copy filtered resources.
2015-07-09 14:31:49,067 [Worker-41] INFO  o.e.m.c.i.embedder.EclipseLogger - skip non existing resourceDirectory C:\Spring\jpa-tutorial\src\test\resources
2015-07-09 14:32:13,744 [Worker-47] INFO  o.e.m.c.i.embedder.EclipseLogger - Using 'UTF-8' encoding to copy filtered resources.
2015-07-09 14:32:13,745 [Worker-47] INFO  o.e.m.c.i.embedder.EclipseLogger - Copying 0 resource
2015-07-09 14:32:13,745 [Worker-47] INFO  o.e.m.c.i.embedder.EclipseLogger - Copying 0 resource
2015-07-09 14:32:13,746 [Worker-47] INFO  o.e.m.c.i.embedder.EclipseLogger - Using 'UTF-8' encoding to copy filtered resources.
2015-07-09 14:32:13,746 [Worker-47] INFO  o.e.m.c.i.embedder.EclipseLogger - skip non existing resourceDirectory C:\Spring\jpa-tutorial\src\test\resources
2015-07-09 14:35:14,301 [Worker-40] INFO  o.e.m.c.i.embedder.EclipseLogger - Using 'UTF-8' encoding to copy filtered resources.
2015-07-09 14:35:14,302 [Worker-40] INFO  o.e.m.c.i.embedder.EclipseLogger - Copying 1 resource
2015-07-09 14:35:14,305 [Worker-40] INFO  o.e.m.c.i.embedder.EclipseLogger - Copying 0 resource
2015-07-09 14:35:14,306 [Worker-40] INFO  o.e.m.c.i.embedder.EclipseLogger - Using 'UTF-8' encoding to copy filtered resources.
2015-07-09 14:35:14,307 [Worker-40] INFO  o.e.m.c.i.embedder.EclipseLogger - skip non existing resourceDirectory C:\Spring\jpa-tutorial\src\test\resources
2015-07-09 14:46:09,400 [Worker-52] INFO  o.e.m.c.i.embedder.EclipseLogger - Using 'UTF-8' encoding to copy filtered resources.
2015-07-09 14:46:09,401 [Worker-52] INFO  o.e.m.c.i.embedder.EclipseLogger - Copying 1 resource
2015-07-09 14:46:09,403 [Worker-52] INFO  o.e.m.c.i.embedder.EclipseLogger - Copying 0 resource
2015-07-09 14:46:09,405 [Worker-52] INFO  o.e.m.c.i.embedder.EclipseLogger - Using 'UTF-8' encoding to copy filtered resources.
2015-07-09 14:46:09,405 [Worker-52] INFO  o.e.m.c.i.embedder.EclipseLogger - skip non existing resourceDirectory C:\Spring\jpa-tutorial\src\test\resources
2015-07-09 14:52:34,527 [Worker-58] INFO  o.e.m.c.i.embedder.EclipseLogger - Using 'UTF-8' encoding to copy filtered resources.
2015-07-09 14:52:34,528 [Worker-58] INFO  o.e.m.c.i.embedder.EclipseLogger - Copying 1 resource
2015-07-09 14:52:34,530 [Worker-58] INFO  o.e.m.c.i.embedder.EclipseLogger - Copying 0 resource
2015-07-09 14:52:34,532 [Worker-58] INFO  o.e.m.c.i.embedder.EclipseLogger - Using 'UTF-8' encoding to copy filtered resources.
2015-07-09 14:52:34,532 [Worker-58] INFO  o.e.m.c.i.embedder.EclipseLogger - skip non existing resourceDirectory C:\Spring\jpa-tutorial\src\test\resources
2015-07-09 14:52:38,087 [Worker-59] INFO  o.e.m.c.i.embedder.EclipseLogger - Using 'UTF-8' encoding to copy filtered resources.
2015-07-09 14:52:38,087 [Worker-59] INFO  o.e.m.c.i.embedder.EclipseLogger - Copying 1 resource
2015-07-09 14:52:38,090 [Worker-59] INFO  o.e.m.c.i.embedder.EclipseLogger - Copying 0 resource
2015-07-09 14:52:38,091 [Worker-59] INFO  o.e.m.c.i.embedder.EclipseLogger - Using 'UTF-8' encoding to copy filtered resources.
2015-07-09 14:52:38,091 [Worker-59] INFO  o.e.m.c.i.embedder.EclipseLogger - skip non existing resourceDirectory C:\Spring\jpa-tutorial\src\test\resources
2015-07-09 14:53:18,857 [Worker-59] INFO  o.e.m.c.i.embedder.EclipseLogger - Using 'UTF-8' encoding to copy filtered resources.
2015-07-09 14:53:18,858 [Worker-59] INFO  o.e.m.c.i.embedder.EclipseLogger - Copying 1 resource
2015-07-09 14:53:18,860 [Worker-59] INFO  o.e.m.c.i.embedder.EclipseLogger - Copying 0 resource
2015-07-09 14:53:18,862 [Worker-59] INFO  o.e.m.c.i.embedder.EclipseLogger - Using 'UTF-8' encoding to copy filtered resources.
2015-07-09 14:53:18,862 [Worker-59] INFO  o.e.m.c.i.embedder.EclipseLogger - skip non existing resourceDirectory C:\Spring\jpa-tutorial\src\test\resources
2015-07-09 15:28:42,576 [Worker-74] INFO  o.e.m.c.i.embedder.EclipseLogger - Using 'UTF-8' encoding to copy filtered resources.
2015-07-09 15:28:42,576 [Worker-74] INFO  o.e.m.c.i.embedder.EclipseLogger - Copying 1 resource
2015-07-09 15:28:42,579 [Worker-74] INFO  o.e.m.c.i.embedder.EclipseLogger - Copying 0 resource
2015-07-09 15:28:42,581 [Worker-74] INFO  o.e.m.c.i.embedder.EclipseLogger - Using 'UTF-8' encoding to copy filtered resources.
2015-07-09 15:28:42,581 [Worker-74] INFO  o.e.m.c.i.embedder.EclipseLogger - skip non existing resourceDirectory C:\Spring\jpa-tutorial\src\test\resources
